[01m[K/home/tucker/research/catkin_ws/src/pfc_init/src/pfc_init_node.cpp:[m[K In function ‘[01m[Kint main(int, char**)[m[K’:
[01m[K/home/tucker/research/catkin_ws/src/pfc_init/src/pfc_init_node.cpp:171:15:[m[K [01;31m[Kerror: [m[K‘[01m[Kclass std::vector<std::vector<std::__cxx11::basic_string<char> > >[m[K’ has no member named ‘[01m[Kinset[m[K’; did you mean ‘[01m[Kinsert[m[K’?
   all_results.[01;31m[Kinset[m[K(all_results.end(), results.being(), results.end());
               [01;31m[K^~~~~[m[K
               [32m[Kinsert[m[K
[01m[K/home/tucker/research/catkin_ws/src/pfc_init/src/pfc_init_node.cpp:171:48:[m[K [01;31m[Kerror: [m[K‘[01m[Kclass std::vector<std::__cxx11::basic_string<char> >[m[K’ has no member named ‘[01m[Kbeing[m[K’; did you mean ‘[01m[Kbegin[m[K’?
   all_results.inset(all_results.end(), results.[01;31m[Kbeing[m[K(), results.end());
                                                [01;31m[K^~~~~[m[K
                                                [32m[Kbegin[m[K
[01m[K/home/tucker/research/catkin_ws/src/pfc_init/src/pfc_init_node.cpp:175:21:[m[K [01;31m[Kerror: [m[K‘[01m[Kresults[m[K’ was not declared in this scope
  writeDataListToCSV([01;31m[Kresults[m[K);
                     [01;31m[K^~~~~~~[m[K
[01m[K/home/tucker/research/catkin_ws/src/pfc_init/src/pfc_init_node.cpp:175:21:[m[K [01;36m[Knote: [m[Ksuggested alternative: ‘[01m[Kall_results[m[K’
  writeDataListToCSV([01;36m[Kresults[m[K);
                     [01;36m[K^~~~~~~[m[K
                     [32m[Kall_results[m[K
In file included from [01m[K/usr/include/c++/7/bits/char_traits.h:39:0[m[K,
                 from [01m[K/usr/include/c++/7/string:40[m[K,
                 from [01m[K/opt/ros/melodic/include/ros/platform.h:38[m[K,
                 from [01m[K/opt/ros/melodic/include/ros/time.h:53[m[K,
                 from [01m[K/opt/ros/melodic/include/ros/ros.h:38[m[K,
                 from [01m[K/home/tucker/research/catkin_ws/src/pfc_init/src/pfc_init_node.cpp:1[m[K:
/usr/include/c++/7/bits/stl_algobase.h: In instantiation of ‘[01m[Kstatic _OI std::__copy_move<false, false, std::random_access_iterator_tag>::__copy_m(_II, _II, _OI) [with _II = std::__cxx11::basic_string<char>*; _OI = std::vector<std::__cxx11::basic_string<char> >*][m[K’:
[01m[K/usr/include/c++/7/bits/stl_algobase.h:386:44:[m[K   required from ‘[01m[K_OI std::__copy_move_a(_II, _II, _OI) [with bool _IsMove = false; _II = std::__cxx11::basic_string<char>*; _OI = std::vector<std::__cxx11::basic_string<char> >*][m[K’
[01m[K/usr/include/c++/7/bits/stl_algobase.h:422:45:[m[K   required from ‘[01m[K_OI std::__copy_move_a2(_II, _II, _OI) [with bool _IsMove = false; _II = __gnu_cxx::__normal_iterator<std::__cxx11::basic_string<char>*, std::vector<std::__cxx11::basic_string<char> > >; _OI = __gnu_cxx::__normal_iterator<std::vector<std::__cxx11::basic_string<char> >*, std::vector<std::vector<std::__cxx11::basic_string<char> > > >][m[K’
[01m[K/usr/include/c++/7/bits/stl_algobase.h:455:8:[m[K   required from ‘[01m[K_OI std::copy(_II, _II, _OI) [with _II = __gnu_cxx::__normal_iterator<std::__cxx11::basic_string<char>*, std::vector<std::__cxx11::basic_string<char> > >; _OI = __gnu_cxx::__normal_iterator<std::vector<std::__cxx11::basic_string<char> >*, std::vector<std::vector<std::__cxx11::basic_string<char> > > >][m[K’
[01m[K/usr/include/c++/7/bits/vector.tcc:651:16:[m[K   required from ‘[01m[Kvoid std::vector<_Tp, _Alloc>::_M_range_insert(std::vector<_Tp, _Alloc>::iterator, _ForwardIterator, _ForwardIterator, std::forward_iterator_tag) [with _ForwardIterator = __gnu_cxx::__normal_iterator<std::__cxx11::basic_string<char>*, std::vector<std::__cxx11::basic_string<char> > >; _Tp = std::vector<std::__cxx11::basic_string<char> >; _Alloc = std::allocator<std::vector<std::__cxx11::basic_string<char> > >; std::vector<_Tp, _Alloc>::iterator = __gnu_cxx::__normal_iterator<std::vector<std::__cxx11::basic_string<char> >*, std::vector<std::vector<std::__cxx11::basic_string<char> > > >; typename std::_Vector_base<_Tp, _Alloc>::pointer = std::vector<std::__cxx11::basic_string<char> >*][m[K’
[01m[K/usr/include/c++/7/bits/stl_vector.h:1411:19:[m[K   required from ‘[01m[Kvoid std::vector<_Tp, _Alloc>::_M_insert_dispatch(std::vector<_Tp, _Alloc>::iterator, _InputIterator, _InputIterator, std::__false_type) [with _InputIterator = __gnu_cxx::__normal_iterator<std::__cxx11::basic_string<char>*, std::vector<std::__cxx11::basic_string<char> > >; _Tp = std::vector<std::__cxx11::basic_string<char> >; _Alloc = std::allocator<std::vector<std::__cxx11::basic_string<char> > >; std::vector<_Tp, _Alloc>::iterator = __gnu_cxx::__normal_iterator<std::vector<std::__cxx11::basic_string<char> >*, std::vector<std::vector<std::__cxx11::basic_string<char> > > >; typename std::_Vector_base<_Tp, _Alloc>::pointer = std::vector<std::__cxx11::basic_string<char> >*][m[K’
[01m[K/usr/include/c++/7/bits/stl_vector.h:1132:22:[m[K   required from ‘[01m[Kstd::vector<_Tp, _Alloc>::iterator std::vector<_Tp, _Alloc>::insert(std::vector<_Tp, _Alloc>::const_iterator, _InputIterator, _InputIterator) [with _InputIterator = __gnu_cxx::__normal_iterator<std::__cxx11::basic_string<char>*, std::vector<std::__cxx11::basic_string<char> > >; <template-parameter-2-2> = void; _Tp = std::vector<std::__cxx11::basic_string<char> >; _Alloc = std::allocator<std::vector<std::__cxx11::basic_string<char> > >; std::vector<_Tp, _Alloc>::iterator = __gnu_cxx::__normal_iterator<std::vector<std::__cxx11::basic_string<char> >*, std::vector<std::vector<std::__cxx11::basic_string<char> > > >; typename std::_Vector_base<_Tp, _Alloc>::pointer = std::vector<std::__cxx11::basic_string<char> >*; std::vector<_Tp, _Alloc>::const_iterator = __gnu_cxx::__normal_iterator<const std::vector<std::__cxx11::basic_string<char> >*, std::vector<std::vector<std::__cxx11::basic_string<char> > > >; typename __gnu_cxx::__alloc_traits<typename std::_Vector_base<_Tp, _Alloc>::_Tp_alloc_type>::const_pointer = const std::vector<std::__cxx11::basic_string<char> >*][m[K’
[01m[K/home/tucker/research/catkin_ws/src/pfc_init/src/pfc_init_node.cpp:174:72:[m[K   required from here
[01m[K/usr/include/c++/7/bits/stl_algobase.h:324:18:[m[K [01;31m[Kerror: [m[Kno match for ‘[01m[Koperator=[m[K’ (operand types are ‘[01m[Kstd::vector<std::__cxx11::basic_string<char> >[m[K’ and ‘[01m[Kstd::__cxx11::basic_string<char>[m[K’)
        [01;31m[K*__result = *__first[m[K;
        [01;31m[K~~~~~~~~~~^~~~~~~~~~[m[K
In file included from [01m[K/usr/include/c++/7/vector:69:0[m[K,
                 from [01m[K/usr/include/boost/math/special_functions/math_fwd.hpp:26[m[K,
                 from [01m[K/usr/include/boost/math/special_functions/round.hpp:15[m[K,
                 from [01m[K/opt/ros/melodic/include/ros/time.h:58[m[K,
                 from [01m[K/opt/ros/melodic/include/ros/ros.h:38[m[K,
                 from [01m[K/home/tucker/research/catkin_ws/src/pfc_init/src/pfc_init_node.cpp:1[m[K:
[01m[K/usr/include/c++/7/bits/vector.tcc:179:5:[m[K [01;36m[Knote: [m[Kcandidate: std::vector<_Tp, _Alloc>& std::vector<_Tp, _Alloc>::operator=(const std::vector<_Tp, _Alloc>&) [with _Tp = std::__cxx11::basic_string<char>; _Alloc = std::allocator<std::__cxx11::basic_string<char> >]
     [01;36m[Kvector<_Tp, _Alloc>[m[K::
     [01;36m[K^~~~~~~~~~~~~~~~~~~[m[K
[01m[K/usr/include/c++/7/bits/vector.tcc:179:5:[m[K [01;36m[Knote: [m[K  no known conversion for argument 1 from ‘[01m[Kstd::__cxx11::basic_string<char>[m[K’ to ‘[01m[Kconst std::vector<std::__cxx11::basic_string<char> >&[m[K’
In file included from [01m[K/usr/include/c++/7/vector:64:0[m[K,
                 from [01m[K/usr/include/boost/math/special_functions/math_fwd.hpp:26[m[K,
                 from [01m[K/usr/include/boost/math/special_functions/round.hpp:15[m[K,
                 from [01m[K/opt/ros/melodic/include/ros/time.h:58[m[K,
                 from [01m[K/opt/ros/melodic/include/ros/ros.h:38[m[K,
                 from [01m[K/home/tucker/research/catkin_ws/src/pfc_init/src/pfc_init_node.cpp:1[m[K:
[01m[K/usr/include/c++/7/bits/stl_vector.h:461:7:[m[K [01;36m[Knote: [m[Kcandidate: std::vector<_Tp, _Alloc>& std::vector<_Tp, _Alloc>::operator=(std::vector<_Tp, _Alloc>&&) [with _Tp = std::__cxx11::basic_string<char>; _Alloc = std::allocator<std::__cxx11::basic_string<char> >]
       [01;36m[Koperator[m[K=(vector&& __x) noexcept(_Alloc_traits::_S_nothrow_move())
       [01;36m[K^~~~~~~~[m[K
[01m[K/usr/include/c++/7/bits/stl_vector.h:461:7:[m[K [01;36m[Knote: [m[K  no known conversion for argument 1 from ‘[01m[Kstd::__cxx11::basic_string<char>[m[K’ to ‘[01m[Kstd::vector<std::__cxx11::basic_string<char> >&&[m[K’
[01m[K/usr/include/c++/7/bits/stl_vector.h:482:7:[m[K [01;36m[Knote: [m[Kcandidate: std::vector<_Tp, _Alloc>& std::vector<_Tp, _Alloc>::operator=(std::initializer_list<_Tp>) [with _Tp = std::__cxx11::basic_string<char>; _Alloc = std::allocator<std::__cxx11::basic_string<char> >]
       [01;36m[Koperator[m[K=(initializer_list<value_type> __l)
       [01;36m[K^~~~~~~~[m[K
[01m[K/usr/include/c++/7/bits/stl_vector.h:482:7:[m[K [01;36m[Knote: [m[K  no known conversion for argument 1 from ‘[01m[Kstd::__cxx11::basic_string<char>[m[K’ to ‘[01m[Kstd::initializer_list<std::__cxx11::basic_string<char> >[m[K’
In file included from [01m[K/usr/include/c++/7/bits/stl_tempbuf.h:60:0[m[K,
                 from [01m[K/usr/include/c++/7/bits/stl_algo.h:62[m[K,
                 from [01m[K/usr/include/c++/7/algorithm:62[m[K,
                 from [01m[K/usr/include/boost/math/tools/config.hpp:18[m[K,
                 from [01m[K/usr/include/boost/math/special_functions/round.hpp:13[m[K,
                 from [01m[K/opt/ros/melodic/include/ros/time.h:58[m[K,
                 from [01m[K/opt/ros/melodic/include/ros/ros.h:38[m[K,
                 from [01m[K/home/tucker/research/catkin_ws/src/pfc_init/src/pfc_init_node.cpp:1[m[K:
/usr/include/c++/7/bits/stl_construct.h: In instantiation of ‘[01m[Kvoid std::_Construct(_T1*, _Args&& ...) [with _T1 = std::vector<std::__cxx11::basic_string<char> >; _Args = {std::__cxx11::basic_string<char, std::char_traits<char>, std::allocator<char> >&}][m[K’:
[01m[K/usr/include/c++/7/bits/stl_uninitialized.h:83:18:[m[K   required from ‘[01m[Kstatic _ForwardIterator std::__uninitialized_copy<_TrivialValueTypes>::__uninit_copy(_InputIterator, _InputIterator, _ForwardIterator) [with _InputIterator = __gnu_cxx::__normal_iterator<std::__cxx11::basic_string<char>*, std::vector<std::__cxx11::basic_string<char> > >; _ForwardIterator = std::vector<std::__cxx11::basic_string<char> >*; bool _TrivialValueTypes = false][m[K’
[01m[K/usr/include/c++/7/bits/stl_uninitialized.h:134:15:[m[K   required from ‘[01m[K_ForwardIterator std::uninitialized_copy(_InputIterator, _InputIterator, _ForwardIterator) [with _InputIterator = __gnu_cxx::__normal_iterator<std::__cxx11::basic_string<char>*, std::vector<std::__cxx11::basic_string<char> > >; _ForwardIterator = std::vector<std::__cxx11::basic_string<char> >*][m[K’
[01m[K/usr/include/c++/7/bits/stl_uninitialized.h:289:37:[m[K   required from ‘[01m[K_ForwardIterator std::__uninitialized_copy_a(_InputIterator, _InputIterator, _ForwardIterator, std::allocator<_Tp>&) [with _InputIterator = __gnu_cxx::__normal_iterator<std::__cxx11::basic_string<char>*, std::vector<std::__cxx11::basic_string<char> > >; _ForwardIterator = std::vector<std::__cxx11::basic_string<char> >*; _Tp = std::vector<std::__cxx11::basic_string<char> >][m[K’
[01m[K/usr/include/c++/7/bits/vector.tcc:657:34:[m[K   required from ‘[01m[Kvoid std::vector<_Tp, _Alloc>::_M_range_insert(std::vector<_Tp, _Alloc>::iterator, _ForwardIterator, _ForwardIterator, std::forward_iterator_tag) [with _ForwardIterator = __gnu_cxx::__normal_iterator<std::__cxx11::basic_string<char>*, std::vector<std::__cxx11::basic_string<char> > >; _Tp = std::vector<std::__cxx11::basic_string<char> >; _Alloc = std::allocator<std::vector<std::__cxx11::basic_string<char> > >; std::vector<_Tp, _Alloc>::iterator = __gnu_cxx::__normal_iterator<std::vector<std::__cxx11::basic_string<char> >*, std::vector<std::vector<std::__cxx11::basic_string<char> > > >; typename std::_Vector_base<_Tp, _Alloc>::pointer = std::vector<std::__cxx11::basic_string<char> >*][m[K’
[01m[K/usr/include/c++/7/bits/stl_vector.h:1411:19:[m[K   required from ‘[01m[Kvoid std::vector<_Tp, _Alloc>::_M_insert_dispatch(std::vector<_Tp, _Alloc>::iterator, _InputIterator, _InputIterator, std::__false_type) [with _InputIterator = __gnu_cxx::__normal_iterator<std::__cxx11::basic_string<char>*, std::vector<std::__cxx11::basic_string<char> > >; _Tp = std::vector<std::__cxx11::basic_string<char> >; _Alloc = std::allocator<std::vector<std::__cxx11::basic_string<char> > >; std::vector<_Tp, _Alloc>::iterator = __gnu_cxx::__normal_iterator<std::vector<std::__cxx11::basic_string<char> >*, std::vector<std::vector<std::__cxx11::basic_string<char> > > >; typename std::_Vector_base<_Tp, _Alloc>::pointer = std::vector<std::__cxx11::basic_string<char> >*][m[K’
[01m[K/usr/include/c++/7/bits/stl_vector.h:1132:22:[m[K   required from ‘[01m[Kstd::vector<_Tp, _Alloc>::iterator std::vector<_Tp, _Alloc>::insert(std::vector<_Tp, _Alloc>::const_iterator, _InputIterator, _InputIterator) [with _InputIterator = __gnu_cxx::__normal_iterator<std::__cxx11::basic_string<char>*, std::vector<std::__cxx11::basic_string<char> > >; <template-parameter-2-2> = void; _Tp = std::vector<std::__cxx11::basic_string<char> >; _Alloc = std::allocator<std::vector<std::__cxx11::basic_string<char> > >; std::vector<_Tp, _Alloc>::iterator = __gnu_cxx::__normal_iterator<std::vector<std::__cxx11::basic_string<char> >*, std::vector<std::vector<std::__cxx11::basic_string<char> > > >; typename std::_Vector_base<_Tp, _Alloc>::pointer = std::vector<std::__cxx11::basic_string<char> >*; std::vector<_Tp, _Alloc>::const_iterator = __gnu_cxx::__normal_iterator<const std::vector<std::__cxx11::basic_string<char> >*, std::vector<std::vector<std::__cxx11::basic_string<char> > > >; typename __gnu_cxx::__alloc_traits<typename std::_Vector_base<_Tp, _Alloc>::_Tp_alloc_type>::const_pointer = const std::vector<std::__cxx11::basic_string<char> >*][m[K’
[01m[K/home/tucker/research/catkin_ws/src/pfc_init/src/pfc_init_node.cpp:174:72:[m[K   required from here
[01m[K/usr/include/c++/7/bits/stl_construct.h:75:7:[m[K [01;31m[Kerror: [m[Kno matching function for call to ‘[01m[Kstd::vector<std::__cxx11::basic_string<char> >::vector(std::__cxx11::basic_string<char>&)[m[K’
     { [01;31m[K::new(static_cast<void*>(__p)) _T1(std::forward<_Args>(__args)...)[m[K; }
       [01;31m[K^~~~~~~~~~~~~~~~~~~~~~~~~~~~~~~~~~~~~~~~~~~~~~~~~~~~~~~~~~~~~~~~~~[m[K
In file included from [01m[K/usr/include/c++/7/vector:64:0[m[K,
                 from [01m[K/usr/include/boost/math/special_functions/math_fwd.hpp:26[m[K,
                 from [01m[K/usr/include/boost/math/special_functions/round.hpp:15[m[K,
                 from [01m[K/opt/ros/melodic/include/ros/time.h:58[m[K,
                 from [01m[K/opt/ros/melodic/include/ros/ros.h:38[m[K,
                 from [01m[K/home/tucker/research/catkin_ws/src/pfc_init/src/pfc_init_node.cpp:1[m[K:
[01m[K/usr/include/c++/7/bits/stl_vector.h:411:2:[m[K [01;36m[Knote: [m[Kcandidate: template<class _InputIterator, class> std::vector<_Tp, _Alloc>::vector(_InputIterator, _InputIterator, const allocator_type&)
  [01;36m[Kvector[m[K(_InputIterator __first, _InputIterator __last,
  [01;36m[K^~~~~~[m[K
[01m[K/usr/include/c++/7/bits/stl_vector.h:411:2:[m[K [01;36m[Knote: [m[K  template argument deduction/substitution failed:
In file included from [01m[K/usr/include/c++/7/bits/stl_tempbuf.h:60:0[m[K,
                 from [01m[K/usr/include/c++/7/bits/stl_algo.h:62[m[K,
                 from [01m[K/usr/include/c++/7/algorithm:62[m[K,
                 from [01m[K/usr/include/boost/math/tools/config.hpp:18[m[K,
                 from [01m[K/usr/include/boost/math/special_functions/round.hpp:13[m[K,
                 from [01m[K/opt/ros/melodic/include/ros/time.h:58[m[K,
                 from [01m[K/opt/ros/melodic/include/ros/ros.h:38[m[K,
                 from [01m[K/home/tucker/research/catkin_ws/src/pfc_init/src/pfc_init_node.cpp:1[m[K:
[01m[K/usr/include/c++/7/bits/stl_construct.h:75:7:[m[K [01;36m[Knote: [m[K  candidate expects 3 arguments, 1 provided
     { [01;36m[K::new(static_cast<void*>(__p)) _T1(std::forward<_Args>(__args)...)[m[K; }
       [01;36m[K^~~~~~~~~~~~~~~~~~~~~~~~~~~~~~~~~~~~~~~~~~~~~~~~~~~~~~~~~~~~~~~~~~[m[K
In file included from [01m[K/usr/include/c++/7/vector:64:0[m[K,
                 from [01m[K/usr/include/boost/math/special_functions/math_fwd.hpp:26[m[K,
                 from [01m[K/usr/include/boost/math/special_functions/round.hpp:15[m[K,
                 from [01m[K/opt/ros/melodic/include/ros/time.h:58[m[K,
                 from [01m[K/opt/ros/melodic/include/ros/ros.h:38[m[K,
                 from [01m[K/home/tucker/research/catkin_ws/src/pfc_init/src/pfc_init_node.cpp:1[m[K:
[01m[K/usr/include/c++/7/bits/stl_vector.h:383:7:[m[K [01;36m[Knote: [m[Kcandidate: std::vector<_Tp, _Alloc>::vector(std::initializer_list<_Tp>, const allocator_type&) [with _Tp = std::__cxx11::basic_string<char>; _Alloc = std::allocator<std::__cxx11::basic_string<char> >; std::vector<_Tp, _Alloc>::allocator_type = std::allocator<std::__cxx11::basic_string<char> >]
       [01;36m[Kvector[m[K(initializer_list<value_type> __l,
       [01;36m[K^~~~~~[m[K
[01m[K/usr/include/c++/7/bits/stl_vector.h:383:7:[m[K [01;36m[Knote: [m[K  no known conversion for argument 1 from ‘[01m[Kstd::__cxx11::basic_string<char>[m[K’ to ‘[01m[Kstd::initializer_list<std::__cxx11::basic_string<char> >[m[K’
[01m[K/usr/include/c++/7/bits/stl_vector.h:358:7:[m[K [01;36m[Knote: [m[Kcandidate: std::vector<_Tp, _Alloc>::vector(std::vector<_Tp, _Alloc>&&, const allocator_type&) [with _Tp = std::__cxx11::basic_string<char>; _Alloc = std::allocator<std::__cxx11::basic_string<char> >; std::vector<_Tp, _Alloc>::allocator_type = std::allocator<std::__cxx11::basic_string<char> >]
       [01;36m[Kvector[m[K(vector&& __rv, const allocator_type& __m)
       [01;36m[K^~~~~~[m[K
[01m[K/usr/include/c++/7/bits/stl_vector.h:358:7:[m[K [01;36m[Knote: [m[K  candidate expects 2 arguments, 1 provided
[01m[K/usr/include/c++/7/bits/stl_vector.h:348:7:[m[K [01;36m[Knote: [m[Kcandidate: std::vector<_Tp, _Alloc>::vector(const std::vector<_Tp, _Alloc>&, const allocator_type&) [with _Tp = std::__cxx11::basic_string<char>; _Alloc = std::allocator<std::__cxx11::basic_string<char> >; std::vector<_Tp, _Alloc>::allocator_type = std::allocator<std::__cxx11::basic_string<char> >]
       [01;36m[Kvector[m[K(const vector& __x, const allocator_type& __a)
       [01;36m[K^~~~~~[m[K
[01m[K/usr/include/c++/7/bits/stl_vector.h:348:7:[m[K [01;36m[Knote: [m[K  candidate expects 2 arguments, 1 provided
[01m[K/usr/include/c++/7/bits/stl_vector.h:344:7:[m[K [01;36m[Knote: [m[Kcandidate: std::vector<_Tp, _Alloc>::vector(std::vector<_Tp, _Alloc>&&) [with _Tp = std::__cxx11::basic_string<char>; _Alloc = std::allocator<std::__cxx11::basic_string<char> >]
       [01;36m[Kvector[m[K(vector&& __x) noexcept
       [01;36m[K^~~~~~[m[K
[01m[K/usr/include/c++/7/bits/stl_vector.h:344:7:[m[K [01;36m[Knote: [m[K  no known conversion for argument 1 from ‘[01m[Kstd::__cxx11::basic_string<char>[m[K’ to ‘[01m[Kstd::vector<std::__cxx11::basic_string<char> >&&[m[K’
[01m[K/usr/include/c++/7/bits/stl_vector.h:326:7:[m[K [01;36m[Knote: [m[Kcandidate: std::vector<_Tp, _Alloc>::vector(const std::vector<_Tp, _Alloc>&) [with _Tp = std::__cxx11::basic_string<char>; _Alloc = std::allocator<std::__cxx11::basic_string<char> >]
       [01;36m[Kvector[m[K(const vector& __x)
       [01;36m[K^~~~~~[m[K
[01m[K/usr/include/c++/7/bits/stl_vector.h:326:7:[m[K [01;36m[Knote: [m[K  no known conversion for argument 1 from ‘[01m[Kstd::__cxx11::basic_string<char>[m[K’ to ‘[01m[Kconst std::vector<std::__cxx11::basic_string<char> >&[m[K’
[01m[K/usr/include/c++/7/bits/stl_vector.h:295:7:[m[K [01;36m[Knote: [m[Kcandidate: std::vector<_Tp, _Alloc>::vector(std::vector<_Tp, _Alloc>::size_type, const value_type&, const allocator_type&) [with _Tp = std::__cxx11::basic_string<char>; _Alloc = std::allocator<std::__cxx11::basic_string<char> >; std::vector<_Tp, _Alloc>::size_type = long unsigned int; std::vector<_Tp, _Alloc>::value_type = std::__cxx11::basic_string<char>; std::vector<_Tp, _Alloc>::allocator_type = std::allocator<std::__cxx11::basic_string<char> >]
       [01;36m[Kvector[m[K(size_type __n, const value_type& __value,
       [01;36m[K^~~~~~[m[K
[01m[K/usr/include/c++/7/bits/stl_vector.h:295:7:[m[K [01;36m[Knote: [m[K  candidate expects 3 arguments, 1 provided
[01m[K/usr/include/c++/7/bits/stl_vector.h:283:7:[m[K [01;36m[Knote: [m[Kcandidate: std::vector<_Tp, _Alloc>::vector(std::vector<_Tp, _Alloc>::size_type, const allocator_type&) [with _Tp = std::__cxx11::basic_string<char>; _Alloc = std::allocator<std::__cxx11::basic_string<char> >; std::vector<_Tp, _Alloc>::size_type = long unsigned int; std::vector<_Tp, _Alloc>::allocator_type = std::allocator<std::__cxx11::basic_string<char> >]
       [01;36m[Kvector[m[K(size_type __n, const allocator_type& __a = allocator_type())
       [01;36m[K^~~~~~[m[K
[01m[K/usr/include/c++/7/bits/stl_vector.h:283:7:[m[K [01;36m[Knote: [m[K  no known conversion for argument 1 from ‘[01m[Kstd::__cxx11::basic_string<char>[m[K’ to ‘[01m[Kstd::vector<std::__cxx11::basic_string<char> >::size_type {aka long unsigned int}[m[K’
[01m[K/usr/include/c++/7/bits/stl_vector.h:270:7:[m[K [01;36m[Knote: [m[Kcandidate: std::vector<_Tp, _Alloc>::vector(const allocator_type&) [with _Tp = std::__cxx11::basic_string<char>; _Alloc = std::allocator<std::__cxx11::basic_string<char> >; std::vector<_Tp, _Alloc>::allocator_type = std::allocator<std::__cxx11::basic_string<char> >]
       [01;36m[Kvector[m[K(const allocator_type& __a) _GLIBCXX_NOEXCEPT
       [01;36m[K^~~~~~[m[K
[01m[K/usr/include/c++/7/bits/stl_vector.h:270:7:[m[K [01;36m[Knote: [m[K  no known conversion for argument 1 from ‘[01m[Kstd::__cxx11::basic_string<char>[m[K’ to ‘[01m[Kconst allocator_type& {aka const std::allocator<std::__cxx11::basic_string<char> >&}[m[K’
[01m[K/usr/include/c++/7/bits/stl_vector.h:259:7:[m[K [01;36m[Knote: [m[Kcandidate: std::vector<_Tp, _Alloc>::vector() [with _Tp = std::__cxx11::basic_string<char>; _Alloc = std::allocator<std::__cxx11::basic_string<char> >]
       [01;36m[Kvector[m[K()
       [01;36m[K^~~~~~[m[K
[01m[K/usr/include/c++/7/bits/stl_vector.h:259:7:[m[K [01;36m[Knote: [m[K  candidate expects 0 arguments, 1 provided
make[2]: *** [CMakeFiles/pfc_init_node.dir/src/pfc_init_node.cpp.o] Error 1
make[1]: *** [CMakeFiles/pfc_init_node.dir/all] Error 2
make: *** [all] Error 2
