CMakeFiles/pfc_init.dir/src/pfc_init_node.cpp.o: In function `main':
pfc_init_node.cpp:(.text+0x8a): undefined reference to `ros::init(int&, char**, std::__cxx11::basic_string<char, std::char_traits<char>, std::allocator<char> > const&, unsigned int)'
pfc_init_node.cpp:(.text+0x11c): undefined reference to `ros::NodeHandle::NodeHandle(std::__cxx11::basic_string<char, std::char_traits<char>, std::allocator<char> > const&, std::map<std::__cxx11::basic_string<char, std::char_traits<char>, std::allocator<char> >, std::__cxx11::basic_string<char, std::char_traits<char>, std::allocator<char> >, std::less<std::__cxx11::basic_string<char, std::char_traits<char>, std::allocator<char> > >, std::allocator<std::pair<std::__cxx11::basic_string<char, std::char_traits<char>, std::allocator<char> > const, std::__cxx11::basic_string<char, std::char_traits<char>, std::allocator<char> > > > > const&)'
pfc_init_node.cpp:(.text+0x3bb): undefined reference to `cv_bridge::toCvCopy(boost::shared_ptr<sensor_msgs::Image_<std::allocator<void> > const> const&, std::__cxx11::basic_string<char, std::char_traits<char>, std::allocator<char> > const&)'
pfc_init_node.cpp:(.text+0x4bf): undefined reference to `cv_bridge::toCvCopy(boost::shared_ptr<sensor_msgs::Image_<std::allocator<void> > const> const&, std::__cxx11::basic_string<char, std::char_traits<char>, std::allocator<char> > const&)'
pfc_init_node.cpp:(.text+0x641): undefined reference to `ros::Subscriber::~Subscriber()'
pfc_init_node.cpp:(.text+0x767): undefined reference to `ros::Subscriber::~Subscriber()'
pfc_init_node.cpp:(.text+0x799): undefined reference to `ros::spinOnce()'
pfc_init_node.cpp:(.text+0x816): undefined reference to `ros::Subscriber::~Subscriber()'
pfc_init_node.cpp:(.text+0x825): undefined reference to `ros::Subscriber::~Subscriber()'
pfc_init_node.cpp:(.text+0x834): undefined reference to `ros::NodeHandle::~NodeHandle()'
pfc_init_node.cpp:(.text+0x9a7): undefined reference to `ros::console::g_initialized'
pfc_init_node.cpp:(.text+0x9b7): undefined reference to `ros::console::initialize()'
pfc_init_node.cpp:(.text+0xa10): undefined reference to `ros::console::initializeLogLocation(ros::console::LogLocation*, std::__cxx11::basic_string<char, std::char_traits<char>, std::allocator<char> > const&, ros::console::levels::Level)'
pfc_init_node.cpp:(.text+0xa53): undefined reference to `ros::console::setLogLocationLevel(ros::console::LogLocation*, ros::console::levels::Level)'
pfc_init_node.cpp:(.text+0xa5f): undefined reference to `ros::console::checkLogLocationEnabled(ros::console::LogLocation*)'
pfc_init_node.cpp:(.text+0xab7): undefined reference to `ros::console::print(ros::console::FilterBase*, void*, ros::console::levels::Level, char const*, int, char const*, char const*, ...)'
pfc_init_node.cpp:(.text+0xb78): undefined reference to `ros::console::g_initialized'
pfc_init_node.cpp:(.text+0xb88): undefined reference to `ros::console::initialize()'
pfc_init_node.cpp:(.text+0xbe1): undefined reference to `ros::console::initializeLogLocation(ros::console::LogLocation*, std::__cxx11::basic_string<char, std::char_traits<char>, std::allocator<char> > const&, ros::console::levels::Level)'
pfc_init_node.cpp:(.text+0xc24): undefined reference to `ros::console::setLogLocationLevel(ros::console::LogLocation*, ros::console::levels::Level)'
pfc_init_node.cpp:(.text+0xc30): undefined reference to `ros::console::checkLogLocationEnabled(ros::console::LogLocation*)'
pfc_init_node.cpp:(.text+0xc88): undefined reference to `ros::console::print(ros::console::FilterBase*, void*, ros::console::levels::Level, char const*, int, char const*, char const*, ...)'
pfc_init_node.cpp:(.text+0xdbb): undefined reference to `ros::Subscriber::~Subscriber()'
pfc_init_node.cpp:(.text+0xdca): undefined reference to `ros::Subscriber::~Subscriber()'
pfc_init_node.cpp:(.text+0xdd9): undefined reference to `ros::NodeHandle::~NodeHandle()'
CMakeFiles/pfc_init.dir/src/pfc_init_node.cpp.o: In function `ros::Subscriber ros::NodeHandle::subscribe<sensor_msgs::Image_<std::allocator<void> > >(std::__cxx11::basic_string<char, std::char_traits<char>, std::allocator<char> > const&, unsigned int, void (*)(boost::shared_ptr<sensor_msgs::Image_<std::allocator<void> > const> const&), ros::TransportHints const&)':
pfc_init_node.cpp:(.text._ZN3ros10NodeHandle9subscribeIN11sensor_msgs6Image_ISaIvEEEEENS_10SubscriberERKNSt7__cxx1112basic_stringIcSt11char_traitsIcESaIcEEEjPFvRKN5boost10shared_ptrIKT_EEERKNS_14TransportHintsE[_ZN3ros10NodeHandle9subscribeIN11sensor_msgs6Image_ISaIvEEEEENS_10SubscriberERKNSt7__cxx1112basic_stringIcSt11char_traitsIcESaIcEEEjPFvRKN5boost10shared_ptrIKT_EEERKNS_14TransportHintsE]+0x115): undefined reference to `ros::NodeHandle::subscribe(ros::SubscribeOptions&)'
CMakeFiles/pfc_init.dir/src/pfc_init_node.cpp.o: In function `boost::shared_ptr<sensor_msgs::CameraInfo_<std::allocator<void> > const> ros::topic::waitForMessage<sensor_msgs::CameraInfo_<std::allocator<void> > >(std::__cxx11::basic_string<char, std::char_traits<char>, std::allocator<char> > const&, ros::NodeHandle&, ros::Duration)':
pfc_init_node.cpp:(.text._ZN3ros5topic14waitForMessageIN11sensor_msgs11CameraInfo_ISaIvEEEEEN5boost10shared_ptrIKT_EERKNSt7__cxx1112basic_stringIcSt11char_traitsIcESaIcEEERNS_10NodeHandleENS_8DurationE[_ZN3ros5topic14waitForMessageIN11sensor_msgs11CameraInfo_ISaIvEEEEEN5boost10shared_ptrIKT_EERKNSt7__cxx1112basic_stringIcSt11char_traitsIcESaIcEEERNS_10NodeHandleENS_8DurationE]+0x1db): undefined reference to `ros::topic::waitForMessageImpl(ros::SubscribeOptions&, boost::function<bool ()> const&, ros::NodeHandle&, ros::Duration)'
CMakeFiles/pfc_init.dir/src/pfc_init_node.cpp.o: In function `boost::shared_ptr<sensor_msgs::Image_<std::allocator<void> > const> ros::topic::waitForMessage<sensor_msgs::Image_<std::allocator<void> > >(std::__cxx11::basic_string<char, std::char_traits<char>, std::allocator<char> > const&, ros::NodeHandle&, ros::Duration)':
pfc_init_node.cpp:(.text._ZN3ros5topic14waitForMessageIN11sensor_msgs6Image_ISaIvEEEEEN5boost10shared_ptrIKT_EERKNSt7__cxx1112basic_stringIcSt11char_traitsIcESaIcEEERNS_10NodeHandleENS_8DurationE[_ZN3ros5topic14waitForMessageIN11sensor_msgs6Image_ISaIvEEEEEN5boost10shared_ptrIKT_EERKNSt7__cxx1112basic_stringIcSt11char_traitsIcESaIcEEERNS_10NodeHandleENS_8DurationE]+0x1db): undefined reference to `ros::topic::waitForMessageImpl(ros::SubscribeOptions&, boost::function<bool ()> const&, ros::NodeHandle&, ros::Duration)'
CMakeFiles/pfc_init.dir/src/pfc_init_node.cpp.o: In function `ros::SubscriptionCallbackHelperT<boost::shared_ptr<sensor_msgs::CameraInfo_<std::allocator<void> > const> const&, void>::deserialize(ros::SubscriptionCallbackHelperDeserializeParams const&)':
pfc_init_node.cpp:(.text._ZN3ros27SubscriptionCallbackHelperTIRKN5boost10shared_ptrIKN11sensor_msgs11CameraInfo_ISaIvEEEEEvE11deserializeERKNS_43SubscriptionCallbackHelperDeserializeParamsE[_ZN3ros27SubscriptionCallbackHelperTIRKN5boost10shared_ptrIKN11sensor_msgs11CameraInfo_ISaIvEEEEEvE11deserializeERKNS_43SubscriptionCallbackHelperDeserializeParamsE]+0x61): undefined reference to `ros::console::g_initialized'
pfc_init_node.cpp:(.text._ZN3ros27SubscriptionCallbackHelperTIRKN5boost10shared_ptrIKN11sensor_msgs11CameraInfo_ISaIvEEEEEvE11deserializeERKNS_43SubscriptionCallbackHelperDeserializeParamsE[_ZN3ros27SubscriptionCallbackHelperTIRKN5boost10shared_ptrIKN11sensor_msgs11CameraInfo_ISaIvEEEEEvE11deserializeERKNS_43SubscriptionCallbackHelperDeserializeParamsE]+0x71): undefined reference to `ros::console::initialize()'
pfc_init_node.cpp:(.text._ZN3ros27SubscriptionCallbackHelperTIRKN5boost10shared_ptrIKN11sensor_msgs11CameraInfo_ISaIvEEEEEvE11deserializeERKNS_43SubscriptionCallbackHelperDeserializeParamsE[_ZN3ros27SubscriptionCallbackHelperTIRKN5boost10shared_ptrIKN11sensor_msgs11CameraInfo_ISaIvEEEEEvE11deserializeERKNS_43SubscriptionCallbackHelperDeserializeParamsE]+0xbe): undefined reference to `ros::console::initializeLogLocation(ros::console::LogLocation*, std::__cxx11::basic_string<char, std::char_traits<char>, std::allocator<char> > const&, ros::console::levels::Level)'
pfc_init_node.cpp:(.text._ZN3ros27SubscriptionCallbackHelperTIRKN5boost10shared_ptrIKN11sensor_msgs11CameraInfo_ISaIvEEEEEvE11deserializeERKNS_43SubscriptionCallbackHelperDeserializeParamsE[_ZN3ros27SubscriptionCallbackHelperTIRKN5boost10shared_ptrIKN11sensor_msgs11CameraInfo_ISaIvEEEEEvE11deserializeERKNS_43SubscriptionCallbackHelperDeserializeParamsE]+0xfa): undefined reference to `ros::console::setLogLocationLevel(ros::console::LogLocation*, ros::console::levels::Level)'
pfc_init_node.cpp:(.text._ZN3ros27SubscriptionCallbackHelperTIRKN5boost10shared_ptrIKN11sensor_msgs11CameraInfo_ISaIvEEEEEvE11deserializeERKNS_43SubscriptionCallbackHelperDeserializeParamsE[_ZN3ros27SubscriptionCallbackHelperTIRKN5boost10shared_ptrIKN11sensor_msgs11CameraInfo_ISaIvEEEEEvE11deserializeERKNS_43SubscriptionCallbackHelperDeserializeParamsE]+0x106): undefined reference to `ros::console::checkLogLocationEnabled(ros::console::LogLocation*)'
pfc_init_node.cpp:(.text._ZN3ros27SubscriptionCallbackHelperTIRKN5boost10shared_ptrIKN11sensor_msgs11CameraInfo_ISaIvEEEEEvE11deserializeERKNS_43SubscriptionCallbackHelperDeserializeParamsE[_ZN3ros27SubscriptionCallbackHelperTIRKN5boost10shared_ptrIKN11sensor_msgs11CameraInfo_ISaIvEEEEEvE11deserializeERKNS_43SubscriptionCallbackHelperDeserializeParamsE]+0x183): undefined reference to `ros::console::print(ros::console::FilterBase*, void*, ros::console::levels::Level, char const*, int, char const*, char const*, ...)'
CMakeFiles/pfc_init.dir/src/pfc_init_node.cpp.o: In function `ros::SubscriptionCallbackHelperT<boost::shared_ptr<sensor_msgs::Image_<std::allocator<void> > const> const&, void>::deserialize(ros::SubscriptionCallbackHelperDeserializeParams const&)':
pfc_init_node.cpp:(.text._ZN3ros27SubscriptionCallbackHelperTIRKN5boost10shared_ptrIKN11sensor_msgs6Image_ISaIvEEEEEvE11deserializeERKNS_43SubscriptionCallbackHelperDeserializeParamsE[_ZN3ros27SubscriptionCallbackHelperTIRKN5boost10shared_ptrIKN11sensor_msgs6Image_ISaIvEEEEEvE11deserializeERKNS_43SubscriptionCallbackHelperDeserializeParamsE]+0x61): undefined reference to `ros::console::g_initialized'
pfc_init_node.cpp:(.text._ZN3ros27SubscriptionCallbackHelperTIRKN5boost10shared_ptrIKN11sensor_msgs6Image_ISaIvEEEEEvE11deserializeERKNS_43SubscriptionCallbackHelperDeserializeParamsE[_ZN3ros27SubscriptionCallbackHelperTIRKN5boost10shared_ptrIKN11sensor_msgs6Image_ISaIvEEEEEvE11deserializeERKNS_43SubscriptionCallbackHelperDeserializeParamsE]+0x71): undefined reference to `ros::console::initialize()'
pfc_init_node.cpp:(.text._ZN3ros27SubscriptionCallbackHelperTIRKN5boost10shared_ptrIKN11sensor_msgs6Image_ISaIvEEEEEvE11deserializeERKNS_43SubscriptionCallbackHelperDeserializeParamsE[_ZN3ros27SubscriptionCallbackHelperTIRKN5boost10shared_ptrIKN11sensor_msgs6Image_ISaIvEEEEEvE11deserializeERKNS_43SubscriptionCallbackHelperDeserializeParamsE]+0xbe): undefined reference to `ros::console::initializeLogLocation(ros::console::LogLocation*, std::__cxx11::basic_string<char, std::char_traits<char>, std::allocator<char> > const&, ros::console::levels::Level)'
pfc_init_node.cpp:(.text._ZN3ros27SubscriptionCallbackHelperTIRKN5boost10shared_ptrIKN11sensor_msgs6Image_ISaIvEEEEEvE11deserializeERKNS_43SubscriptionCallbackHelperDeserializeParamsE[_ZN3ros27SubscriptionCallbackHelperTIRKN5boost10shared_ptrIKN11sensor_msgs6Image_ISaIvEEEEEvE11deserializeERKNS_43SubscriptionCallbackHelperDeserializeParamsE]+0xfa): undefined reference to `ros::console::setLogLocationLevel(ros::console::LogLocation*, ros::console::levels::Level)'
pfc_init_node.cpp:(.text._ZN3ros27SubscriptionCallbackHelperTIRKN5boost10shared_ptrIKN11sensor_msgs6Image_ISaIvEEEEEvE11deserializeERKNS_43SubscriptionCallbackHelperDeserializeParamsE[_ZN3ros27SubscriptionCallbackHelperTIRKN5boost10shared_ptrIKN11sensor_msgs6Image_ISaIvEEEEEvE11deserializeERKNS_43SubscriptionCallbackHelperDeserializeParamsE]+0x106): undefined reference to `ros::console::checkLogLocationEnabled(ros::console::LogLocation*)'
pfc_init_node.cpp:(.text._ZN3ros27SubscriptionCallbackHelperTIRKN5boost10shared_ptrIKN11sensor_msgs6Image_ISaIvEEEEEvE11deserializeERKNS_43SubscriptionCallbackHelperDeserializeParamsE[_ZN3ros27SubscriptionCallbackHelperTIRKN5boost10shared_ptrIKN11sensor_msgs6Image_ISaIvEEEEEvE11deserializeERKNS_43SubscriptionCallbackHelperDeserializeParamsE]+0x183): undefined reference to `ros::console::print(ros::console::FilterBase*, void*, ros::console::levels::Level, char const*, int, char const*, char const*, ...)'
CMakeFiles/pfc_init.dir/src/pfc_init_node.cpp.o: In function `void ros::serialization::Serializer<unsigned int>::read<ros::serialization::IStream>(ros::serialization::IStream&, unsigned int&)':
pfc_init_node.cpp:(.text._ZN3ros13serialization10SerializerIjE4readINS0_7IStreamEEEvRT_Rj[_ZN3ros13serialization10SerializerIjE4readINS0_7IStreamEEEvRT_Rj]+0x53): undefined reference to `ros::serialization::throwStreamOverrun()'
CMakeFiles/pfc_init.dir/src/pfc_init_node.cpp.o: In function `void ros::serialization::Serializer<std::__cxx11::basic_string<char, std::char_traits<char>, std::allocator<char> > >::read<ros::serialization::IStream>(ros::serialization::IStream&, std::__cxx11::basic_string<char, std::char_traits<char>, std::allocator<char> >&)':
pfc_init_node.cpp:(.text._ZN3ros13serialization10SerializerINSt7__cxx1112basic_stringIcSt11char_traitsIcESaIcEEEE4readINS0_7IStreamEEEvRT_RS7_[_ZN3ros13serialization10SerializerINSt7__cxx1112basic_stringIcSt11char_traitsIcESaIcEEEE4readINS0_7IStreamEEEvRT_RS7_]+0x99): undefined reference to `ros::serialization::throwStreamOverrun()'
CMakeFiles/pfc_init.dir/src/pfc_init_node.cpp.o: In function `void ros::serialization::VectorSerializer<double, std::allocator<double>, void>::read<ros::serialization::IStream>(ros::serialization::IStream&, std::vector<double, std::allocator<double> >&)':
pfc_init_node.cpp:(.text._ZN3ros13serialization16VectorSerializerIdSaIdEvE4readINS0_7IStreamEEEvRT_RSt6vectorIdS2_E[_ZN3ros13serialization16VectorSerializerIdSaIdEvE4readINS0_7IStreamEEEvRT_RSt6vectorIdS2_E]+0xa7): undefined reference to `ros::serialization::throwStreamOverrun()'
CMakeFiles/pfc_init.dir/src/pfc_init_node.cpp.o: In function `void ros::serialization::ArraySerializer<double, 9ul, void>::read<ros::serialization::IStream>(ros::serialization::IStream&, boost::array<double, 9ul>&)':
pfc_init_node.cpp:(.text._ZN3ros13serialization15ArraySerializerIdLm9EvE4readINS0_7IStreamEEEvRT_RN5boost5arrayIdLm9EEE[_ZN3ros13serialization15ArraySerializerIdLm9EvE4readINS0_7IStreamEEEvRT_RN5boost5arrayIdLm9EEE]+0x5b): undefined reference to `ros::serialization::throwStreamOverrun()'
CMakeFiles/pfc_init.dir/src/pfc_init_node.cpp.o: In function `void ros::serialization::ArraySerializer<double, 12ul, void>::read<ros::serialization::IStream>(ros::serialization::IStream&, boost::array<double, 12ul>&)':
pfc_init_node.cpp:(.text._ZN3ros13serialization15ArraySerializerIdLm12EvE4readINS0_7IStreamEEEvRT_RN5boost5arrayIdLm12EEE[_ZN3ros13serialization15ArraySerializerIdLm12EvE4readINS0_7IStreamEEEvRT_RN5boost5arrayIdLm12EEE]+0x5b): undefined reference to `ros::serialization::throwStreamOverrun()'
CMakeFiles/pfc_init.dir/src/pfc_init_node.cpp.o:pfc_init_node.cpp:(.text._ZN3ros13serialization10SerializerIhE4readINS0_7IStreamEEEvRT_Rh[_ZN3ros13serialization10SerializerIhE4readINS0_7IStreamEEEvRT_Rh]+0x53): more undefined references to `ros::serialization::throwStreamOverrun()' follow
collect2: error: ld returned 1 exit status
make[2]: *** [/home/tucker/research/catkin_ws/devel/.private/pfc_init/lib/pfc_init/pfc_init] Error 1
make[1]: *** [CMakeFiles/pfc_init.dir/all] Error 2
make: *** [all] Error 2
