[01m[K/home/tucker/research/catkin_ws/src/pfc_init/src/pfc_init_node.cpp:[m[K In function ‘[01m[Kint main(int, char**)[m[K’:
[01m[K/home/tucker/research/catkin_ws/src/pfc_init/src/pfc_init_node.cpp:159:42:[m[K [01;31m[Kerror: [m[Kno matching function for call to ‘[01m[Kstd::vector<std::__cxx11::basic_string<char> >::insert(std::vector<std::__cxx11::basic_string<char> >::iterator, std::vector<std::__cxx11::basic_string<char> >&)[m[K’
   results.insert(results.begin(), csv_key[01;31m[K)[m[K;
                                          [01;31m[K^[m[K
In file included from [01m[K/usr/include/c++/7/vector:69:0[m[K,
                 from [01m[K/usr/include/boost/math/special_functions/math_fwd.hpp:26[m[K,
                 from [01m[K/usr/include/boost/math/special_functions/round.hpp:15[m[K,
                 from [01m[K/opt/ros/melodic/include/ros/time.h:58[m[K,
                 from [01m[K/opt/ros/melodic/include/ros/ros.h:38[m[K,
                 from [01m[K/home/tucker/research/catkin_ws/src/pfc_init/src/pfc_init_node.cpp:1[m[K:
[01m[K/usr/include/c++/7/bits/vector.tcc:114:5:[m[K [01;36m[Knote: [m[Kcandidate: std::vector<_Tp, _Alloc>::iterator std::vector<_Tp, _Alloc>::insert(std::vector<_Tp, _Alloc>::const_iterator, const value_type&) [with _Tp = std::__cxx11::basic_string<char>; _Alloc = std::allocator<std::__cxx11::basic_string<char> >; std::vector<_Tp, _Alloc>::iterator = __gnu_cxx::__normal_iterator<std::__cxx11::basic_string<char>*, std::vector<std::__cxx11::basic_string<char> > >; typename std::_Vector_base<_Tp, _Alloc>::pointer = std::__cxx11::basic_string<char>*; std::vector<_Tp, _Alloc>::const_iterator = __gnu_cxx::__normal_iterator<const std::__cxx11::basic_string<char>*, std::vector<std::__cxx11::basic_string<char> > >; typename __gnu_cxx::__alloc_traits<typename std::_Vector_base<_Tp, _Alloc>::_Tp_alloc_type>::const_pointer = const std::__cxx11::basic_string<char>*; std::vector<_Tp, _Alloc>::value_type = std::__cxx11::basic_string<char>]
     [01;36m[Kvector<_Tp, _Alloc>[m[K::
     [01;36m[K^~~~~~~~~~~~~~~~~~~[m[K
[01m[K/usr/include/c++/7/bits/vector.tcc:114:5:[m[K [01;36m[Knote: [m[K  no known conversion for argument 2 from ‘[01m[Kstd::vector<std::__cxx11::basic_string<char> >[m[K’ to ‘[01m[Kconst value_type& {aka const std::__cxx11::basic_string<char>&}[m[K’
In file included from [01m[K/usr/include/c++/7/vector:64:0[m[K,
                 from [01m[K/usr/include/boost/math/special_functions/math_fwd.hpp:26[m[K,
                 from [01m[K/usr/include/boost/math/special_functions/round.hpp:15[m[K,
                 from [01m[K/opt/ros/melodic/include/ros/time.h:58[m[K,
                 from [01m[K/opt/ros/melodic/include/ros/ros.h:38[m[K,
                 from [01m[K/home/tucker/research/catkin_ws/src/pfc_init/src/pfc_init_node.cpp:1[m[K:
[01m[K/usr/include/c++/7/bits/stl_vector.h:1042:7:[m[K [01;36m[Knote: [m[Kcandidate: std::vector<_Tp, _Alloc>::iterator std::vector<_Tp, _Alloc>::insert(std::vector<_Tp, _Alloc>::const_iterator, std::vector<_Tp, _Alloc>::value_type&&) [with _Tp = std::__cxx11::basic_string<char>; _Alloc = std::allocator<std::__cxx11::basic_string<char> >; std::vector<_Tp, _Alloc>::iterator = __gnu_cxx::__normal_iterator<std::__cxx11::basic_string<char>*, std::vector<std::__cxx11::basic_string<char> > >; typename std::_Vector_base<_Tp, _Alloc>::pointer = std::__cxx11::basic_string<char>*; std::vector<_Tp, _Alloc>::const_iterator = __gnu_cxx::__normal_iterator<const std::__cxx11::basic_string<char>*, std::vector<std::__cxx11::basic_string<char> > >; typename __gnu_cxx::__alloc_traits<typename std::_Vector_base<_Tp, _Alloc>::_Tp_alloc_type>::const_pointer = const std::__cxx11::basic_string<char>*; std::vector<_Tp, _Alloc>::value_type = std::__cxx11::basic_string<char>]
       [01;36m[Kinsert[m[K(const_iterator __position, value_type&& __x)
       [01;36m[K^~~~~~[m[K
[01m[K/usr/include/c++/7/bits/stl_vector.h:1042:7:[m[K [01;36m[Knote: [m[K  no known conversion for argument 2 from ‘[01m[Kstd::vector<std::__cxx11::basic_string<char> >[m[K’ to ‘[01m[Kstd::vector<std::__cxx11::basic_string<char> >::value_type&& {aka std::__cxx11::basic_string<char>&&}[m[K’
[01m[K/usr/include/c++/7/bits/stl_vector.h:1059:7:[m[K [01;36m[Knote: [m[Kcandidate: std::vector<_Tp, _Alloc>::iterator std::vector<_Tp, _Alloc>::insert(std::vector<_Tp, _Alloc>::const_iterator, std::initializer_list<_Tp>) [with _Tp = std::__cxx11::basic_string<char>; _Alloc = std::allocator<std::__cxx11::basic_string<char> >; std::vector<_Tp, _Alloc>::iterator = __gnu_cxx::__normal_iterator<std::__cxx11::basic_string<char>*, std::vector<std::__cxx11::basic_string<char> > >; typename std::_Vector_base<_Tp, _Alloc>::pointer = std::__cxx11::basic_string<char>*; std::vector<_Tp, _Alloc>::const_iterator = __gnu_cxx::__normal_iterator<const std::__cxx11::basic_string<char>*, std::vector<std::__cxx11::basic_string<char> > >; typename __gnu_cxx::__alloc_traits<typename std::_Vector_base<_Tp, _Alloc>::_Tp_alloc_type>::const_pointer = const std::__cxx11::basic_string<char>*]
       [01;36m[Kinsert[m[K(const_iterator __position, initializer_list<value_type> __l)
       [01;36m[K^~~~~~[m[K
[01m[K/usr/include/c++/7/bits/stl_vector.h:1059:7:[m[K [01;36m[Knote: [m[K  no known conversion for argument 2 from ‘[01m[Kstd::vector<std::__cxx11::basic_string<char> >[m[K’ to ‘[01m[Kstd::initializer_list<std::__cxx11::basic_string<char> >[m[K’
[01m[K/usr/include/c++/7/bits/stl_vector.h:1084:7:[m[K [01;36m[Knote: [m[Kcandidate: std::vector<_Tp, _Alloc>::iterator std::vector<_Tp, _Alloc>::insert(std::vector<_Tp, _Alloc>::const_iterator, std::vector<_Tp, _Alloc>::size_type, const value_type&) [with _Tp = std::__cxx11::basic_string<char>; _Alloc = std::allocator<std::__cxx11::basic_string<char> >; std::vector<_Tp, _Alloc>::iterator = __gnu_cxx::__normal_iterator<std::__cxx11::basic_string<char>*, std::vector<std::__cxx11::basic_string<char> > >; typename std::_Vector_base<_Tp, _Alloc>::pointer = std::__cxx11::basic_string<char>*; std::vector<_Tp, _Alloc>::const_iterator = __gnu_cxx::__normal_iterator<const std::__cxx11::basic_string<char>*, std::vector<std::__cxx11::basic_string<char> > >; typename __gnu_cxx::__alloc_traits<typename std::_Vector_base<_Tp, _Alloc>::_Tp_alloc_type>::const_pointer = const std::__cxx11::basic_string<char>*; std::vector<_Tp, _Alloc>::size_type = long unsigned int; std::vector<_Tp, _Alloc>::value_type = std::__cxx11::basic_string<char>]
       [01;36m[Kinsert[m[K(const_iterator __position, size_type __n, const value_type& __x)
       [01;36m[K^~~~~~[m[K
[01m[K/usr/include/c++/7/bits/stl_vector.h:1084:7:[m[K [01;36m[Knote: [m[K  candidate expects 3 arguments, 2 provided
[01m[K/usr/include/c++/7/bits/stl_vector.h:1128:2:[m[K [01;36m[Knote: [m[Kcandidate: template<class _InputIterator, class> std::vector<_Tp, _Alloc>::iterator std::vector<_Tp, _Alloc>::insert(std::vector<_Tp, _Alloc>::const_iterator, _InputIterator, _InputIterator) [with _InputIterator = _InputIterator; <template-parameter-2-2> = <template-parameter-1-2>; _Tp = std::__cxx11::basic_string<char>; _Alloc = std::allocator<std::__cxx11::basic_string<char> >]
  [01;36m[Kinsert[m[K(const_iterator __position, _InputIterator __first,
  [01;36m[K^~~~~~[m[K
[01m[K/usr/include/c++/7/bits/stl_vector.h:1128:2:[m[K [01;36m[Knote: [m[K  template argument deduction/substitution failed:
[01m[K/home/tucker/research/catkin_ws/src/pfc_init/src/pfc_init_node.cpp:159:42:[m[K [01;36m[Knote: [m[K  candidate expects 3 arguments, 2 provided
   results.insert(results.begin(), csv_key[01;36m[K)[m[K;
                                          [01;36m[K^[m[K
[01m[K/home/tucker/research/catkin_ws/src/pfc_init/src/pfc_init_node.cpp:160:35:[m[K [01;31m[Kerror: [m[Kcould not convert ‘[01m[Kresults[m[K’ from ‘[01m[Kstd::vector<std::__cxx11::basic_string<char> >[m[K’ to ‘[01m[Kstd::vector<std::vector<std::__cxx11::basic_string<char> > >[m[K’
         writeDataListToCSV(results[01;31m[K)[m[K;
                                   [01;31m[K^[m[K
make[2]: *** [CMakeFiles/pfc_init_node.dir/src/pfc_init_node.cpp.o] Error 1
make[1]: *** [CMakeFiles/pfc_init_node.dir/all] Error 2
make: *** [all] Error 2
