[35m[1mScanning dependencies of target pfc_init_node[0m
[ 10%] [32mBuilding CXX object CMakeFiles/pfc_init_node.dir/src/needle_template.cpp.o[0m
[ 20%] [32mBuilding CXX object CMakeFiles/pfc_init_node.dir/src/pfc_initializer.cpp.o[0m
[ 40%] [32mBuilding CXX object CMakeFiles/pfc_init_node.dir/src/pfc_init_node.cpp.o[0m
[ 40%] [32mBuilding CXX object CMakeFiles/pfc_init_node.dir/src/matcher.cpp.o[0m
[ 50%] [32mBuilding CXX object CMakeFiles/pfc_init_node.dir/src/pose_helper.cpp.o[0m
[01m[K/home/tucker/research/catkin_ws/src/pfc_init/src/pfc_init_node.cpp:[m[K In function ‘[01m[Kint main(int, char**)[m[K’:
[01m[K/home/tucker/research/catkin_ws/src/pfc_init/src/pfc_init_node.cpp:210:4:[m[K [01;31m[Kerror: [m[Kcannot convert ‘[01m[Kcv::Range[m[K’ to ‘[01m[Kdouble[m[K’ in initialization
    [01;31m[K}[m[K;
    [01;31m[K^[m[K
[01m[K/home/tucker/research/catkin_ws/src/pfc_init/src/pfc_init_node.cpp:210:4:[m[K [01;35m[Kwarning: [m[Knarrowing conversion of ‘[01m[Kpitch_inc[m[K’ from ‘[01m[Kint[m[K’ to ‘[01m[Kdouble[m[K’ inside { } [[01;35m[K-Wnarrowing[m[K]
[01m[K/home/tucker/research/catkin_ws/src/pfc_init/src/pfc_init_node.cpp:210:4:[m[K [01;31m[Kerror: [m[Kcannot convert ‘[01m[Kcv::Range[m[K’ to ‘[01m[Kdouble[m[K’ in initialization
[01m[K/home/tucker/research/catkin_ws/src/pfc_init/src/pfc_init_node.cpp:210:4:[m[K [01;35m[Kwarning: [m[Knarrowing conversion of ‘[01m[Knum_cand_pts[m[K’ from ‘[01m[Kint[m[K’ to ‘[01m[Kdouble[m[K’ inside { } [[01;35m[K-Wnarrowing[m[K]
[01m[K/home/tucker/research/catkin_ws/src/pfc_init/src/pfc_init_node.cpp:210:4:[m[K [01;31m[Kerror: [m[Kcannot convert ‘[01m[Kcv::Mat[m[K’ to ‘[01m[Kint[m[K’ in initialization
[01m[K/home/tucker/research/catkin_ws/src/pfc_init/src/pfc_init_node.cpp:210:4:[m[K [01;31m[Kerror: [m[Kcannot convert ‘[01m[Kcv::Mat[m[K’ to ‘[01m[Kint[m[K’ in initialization
CMakeFiles/pfc_init_node.dir/build.make:62: recipe for target 'CMakeFiles/pfc_init_node.dir/src/pfc_init_node.cpp.o' failed
make[2]: *** [CMakeFiles/pfc_init_node.dir/src/pfc_init_node.cpp.o] Error 1
CMakeFiles/Makefile2:67: recipe for target 'CMakeFiles/pfc_init_node.dir/all' failed
make[1]: *** [CMakeFiles/pfc_init_node.dir/all] Error 2
Makefile:140: recipe for target 'all' failed
make: *** [all] Error 2
