CMakeFiles/pfc_init.dir/src/pfc_initializer.cpp.o:(.bss+0x0): multiple definition of `pfc::P_l'
CMakeFiles/pfc_init.dir/src/pfc_init_node.cpp.o:(.bss+0x0): first defined here
CMakeFiles/pfc_init.dir/src/pfc_initializer.cpp.o:(.bss+0x60): multiple definition of `pfc::P_r'
CMakeFiles/pfc_init.dir/src/pfc_init_node.cpp.o:(.bss+0x60): first defined here
CMakeFiles/pfc_init.dir/src/needle_pose.cpp.o:(.bss+0x0): multiple definition of `pfc::P_l'
CMakeFiles/pfc_init.dir/src/pfc_init_node.cpp.o:(.bss+0x0): first defined here
CMakeFiles/pfc_init.dir/src/needle_pose.cpp.o:(.bss+0x60): multiple definition of `pfc::P_r'
CMakeFiles/pfc_init.dir/src/pfc_init_node.cpp.o:(.bss+0x60): first defined here
CMakeFiles/pfc_init.dir/src/needle_image.cpp.o:(.bss+0x0): multiple definition of `pfc::P_l'
CMakeFiles/pfc_init.dir/src/pfc_init_node.cpp.o:(.bss+0x0): first defined here
CMakeFiles/pfc_init.dir/src/needle_image.cpp.o:(.bss+0x60): multiple definition of `pfc::P_r'
CMakeFiles/pfc_init.dir/src/pfc_init_node.cpp.o:(.bss+0x60): first defined here
CMakeFiles/pfc_init.dir/src/needle_template.cpp.o:(.bss+0x0): multiple definition of `pfc::P_l'
CMakeFiles/pfc_init.dir/src/pfc_init_node.cpp.o:(.bss+0x0): first defined here
CMakeFiles/pfc_init.dir/src/needle_template.cpp.o:(.bss+0x60): multiple definition of `pfc::P_r'
CMakeFiles/pfc_init.dir/src/pfc_init_node.cpp.o:(.bss+0x60): first defined here
CMakeFiles/pfc_init.dir/src/template_match.cpp.o:(.bss+0x0): multiple definition of `pfc::P_l'
CMakeFiles/pfc_init.dir/src/pfc_init_node.cpp.o:(.bss+0x0): first defined here
CMakeFiles/pfc_init.dir/src/template_match.cpp.o:(.bss+0x60): multiple definition of `pfc::P_r'
CMakeFiles/pfc_init.dir/src/pfc_init_node.cpp.o:(.bss+0x60): first defined here
CMakeFiles/pfc_init.dir/src/pose_helper.cpp.o:(.bss+0x0): multiple definition of `pfc::P_l'
CMakeFiles/pfc_init.dir/src/pfc_init_node.cpp.o:(.bss+0x0): first defined here
CMakeFiles/pfc_init.dir/src/pose_helper.cpp.o:(.bss+0x60): multiple definition of `pfc::P_r'
CMakeFiles/pfc_init.dir/src/pfc_init_node.cpp.o:(.bss+0x60): first defined here
CMakeFiles/pfc_init.dir/src/matcher.cpp.o:(.bss+0x0): multiple definition of `pfc::P_l'
CMakeFiles/pfc_init.dir/src/pfc_init_node.cpp.o:(.bss+0x0): first defined here
CMakeFiles/pfc_init.dir/src/matcher.cpp.o:(.bss+0x60): multiple definition of `pfc::P_r'
CMakeFiles/pfc_init.dir/src/pfc_init_node.cpp.o:(.bss+0x60): first defined here
CMakeFiles/pfc_init.dir/src/pfc_init_node.cpp.o: In function `__static_initialization_and_destruction_0(int, int)':
pfc_init_node.cpp:(.text+0x2b88): undefined reference to `PfcInitializer::PfcInitializer()'
collect2: error: ld returned 1 exit status
make[2]: *** [/home/tucker/research/catkin_ws/devel/.private/pfc_init/lib/pfc_init/pfc_init] Error 1
make[1]: *** [CMakeFiles/pfc_init.dir/all] Error 2
make: *** [all] Error 2
