Not searching for unused variables given on the command line.
[36m--[0m Using CATKIN_DEVEL_PREFIX: /home/tucker/research/catkin_ws/devel/.private/pfc_init
[36m--[0m Using CMAKE_PREFIX_PATH: /home/tucker/research/catkin_ws/devel;/home/tucker/research/test_ws/devel;/opt/ros/melodic
[36m--[0m This workspace overlays: /home/tucker/research/catkin_ws/devel;/home/tucker/research/test_ws/devel;/opt/ros/melodic
[36m--[0m Found PythonInterp: /usr/bin/python2 (found suitable version "2.7.17", minimum required is "2")
[36m--[0m Using PYTHON_EXECUTABLE: /usr/bin/python2
[36m--[0m Using Debian Python package layout
[36m--[0m Using empy: /usr/bin/empy
[36m--[0m Using CATKIN_ENABLE_TESTING: ON
[36m--[0m Call enable_testing()
[36m--[0m Using CATKIN_TEST_RESULTS_DIR: /home/tucker/research/catkin_ws/build/pfc_init/test_results
[36m--[0m Found gtest sources under '/usr/src/googletest': gtests will be built
[36m--[0m Found gmock sources under '/usr/src/googletest': gmock will be built
[36m--[0m Found PythonInterp: /usr/bin/python2 (found version "2.7.17")
[36m--[0m Using Python nosetests: /usr/bin/nosetests-2.7
[36m--[0m catkin 0.7.28
[36m--[0m BUILD_SHARED_LIBS is on
[36m--[0m Using these message generators: gencpp;geneus;genlisp;gennodejs;genpy
[36m--[0m Found CUDA: /usr/local/cuda (found suitable exact version "10.0")
[36m--[0m Found OpenCV: /usr/local (found suitable version "3.2.0", minimum required is "3") found components:  opencv_core opencv_highgui opencv_imgproc opencv_imgcodecs opencv_cudaarithm opencv_cudaimgproc opencv_cudafilters opencv_sfm
[36m--[0m Configuring done
[31m[1mCMake Error[0m at /home/tucker/research/catkin_ws/src/pfc_init/CMakeLists.txt:162 (add_executable):
  Cannot find source file:

    main.cpp

  Tried extensions .c .C .c++ .cc .cpp .cxx .m .M .mm .h .hh .h++ .hm .hpp
  .hxx .in .txx


CMake Error: CMake can not determine linker language for target: main
CMake Error: Cannot determine link language for target "main".
[36m--[0m Generating done
[36m--[0m Build files have been written to: /home/tucker/research/catkin_ws/build/pfc_init
