[01m[K/home/tucker/research/catkin_ws/src/pfc_init/src/pfc_init_node.cpp:[m[K In function ‘[01m[Kint main(int, char**)[m[K’:
[01m[K/home/tucker/research/catkin_ws/src/pfc_init/src/pfc_init_node.cpp:221:27:[m[K [01;31m[Kerror: [m[Kno matching function for call to ‘[01m[Kstd::vector<std::__cxx11::basic_string<char> >::push_back(std::vector<double>&)[m[K’
    results.push_back(addtl[01;31m[K)[m[K;
                           [01;31m[K^[m[K
In file included from [01m[K/usr/include/c++/7/vector:64:0[m[K,
                 from [01m[K/usr/include/boost/math/special_functions/math_fwd.hpp:26[m[K,
                 from [01m[K/usr/include/boost/math/special_functions/round.hpp:15[m[K,
                 from [01m[K/opt/ros/melodic/include/ros/time.h:58[m[K,
                 from [01m[K/opt/ros/melodic/include/ros/ros.h:38[m[K,
                 from [01m[K/home/tucker/research/catkin_ws/src/pfc_init/src/pfc_init_node.cpp:1[m[K:
[01m[K/usr/include/c++/7/bits/stl_vector.h:939:7:[m[K [01;36m[Knote: [m[Kcandidate: void std::vector<_Tp, _Alloc>::push_back(const value_type&) [with _Tp = std::__cxx11::basic_string<char>; _Alloc = std::allocator<std::__cxx11::basic_string<char> >; std::vector<_Tp, _Alloc>::value_type = std::__cxx11::basic_string<char>]
       [01;36m[Kpush_back[m[K(const value_type& __x)
       [01;36m[K^~~~~~~~~[m[K
[01m[K/usr/include/c++/7/bits/stl_vector.h:939:7:[m[K [01;36m[Knote: [m[K  no known conversion for argument 1 from ‘[01m[Kstd::vector<double>[m[K’ to ‘[01m[Kconst value_type& {aka const std::__cxx11::basic_string<char>&}[m[K’
[01m[K/usr/include/c++/7/bits/stl_vector.h:953:7:[m[K [01;36m[Knote: [m[Kcandidate: void std::vector<_Tp, _Alloc>::push_back(std::vector<_Tp, _Alloc>::value_type&&) [with _Tp = std::__cxx11::basic_string<char>; _Alloc = std::allocator<std::__cxx11::basic_string<char> >; std::vector<_Tp, _Alloc>::value_type = std::__cxx11::basic_string<char>]
       [01;36m[Kpush_back[m[K(value_type&& __x)
       [01;36m[K^~~~~~~~~[m[K
[01m[K/usr/include/c++/7/bits/stl_vector.h:953:7:[m[K [01;36m[Knote: [m[K  no known conversion for argument 1 from ‘[01m[Kstd::vector<double>[m[K’ to ‘[01m[Kstd::vector<std::__cxx11::basic_string<char> >::value_type&& {aka std::__cxx11::basic_string<char>&&}[m[K’
make[2]: *** [CMakeFiles/pfc_init_node.dir/src/pfc_init_node.cpp.o] Error 1
make[1]: *** [CMakeFiles/pfc_init_node.dir/all] Error 2
make: *** [all] Error 2
