[01m[K/home/tucker/research/catkin_ws/src/pfc_init/src/pfc_init_node.cpp:[m[K In function ‘[01m[Kint main(int, char**)[m[K’:
[01m[K/home/tucker/research/catkin_ws/src/pfc_init/src/pfc_init_node.cpp:69:130:[m[K [01;31m[Kerror: [m[Kno matching function for call to ‘[01m[KtoCvShare(boost::shared_ptr<const boost::shared_ptr<const sensor_msgs::Image_<std::allocator<void> > > >, const char [6])[m[K’
   l_img = cv_bridge::toCvShare(ros::topic::waitForMessage<sensor_msgs::ImageConstPtr>("/davinci_endo/left/image_raw", nh),"32FC2"[01;31m[K)[m[K->image;
                                                                                                                                  [01;31m[K^[m[K
In file included from [01m[K/home/tucker/research/catkin_ws/src/pfc_init/src/pfc_init_node.cpp:5:0[m[K:
[01m[K/home/tucker/research/catkin_ws/src/vision_opencv/cv_bridge/include/cv_bridge/cv_bridge.h:240:17:[m[K [01;36m[Knote: [m[Kcandidate: cv_bridge::CvImageConstPtr cv_bridge::toCvShare(const Image&, const boost::shared_ptr<const void>&, const string&)
 CvImageConstPtr [01;36m[KtoCvShare[m[K(const sensor_msgs::Image& source,
                 [01;36m[K^~~~~~~~~[m[K
[01m[K/home/tucker/research/catkin_ws/src/vision_opencv/cv_bridge/include/cv_bridge/cv_bridge.h:240:17:[m[K [01;36m[Knote: [m[K  no known conversion for argument 1 from ‘[01m[Kboost::shared_ptr<const boost::shared_ptr<const sensor_msgs::Image_<std::allocator<void> > > >[m[K’ to ‘[01m[Kconst Image& {aka const sensor_msgs::Image_<std::allocator<void> >&}[m[K’
[01m[K/home/tucker/research/catkin_ws/src/vision_opencv/cv_bridge/include/cv_bridge/cv_bridge.h:213:17:[m[K [01;36m[Knote: [m[Kcandidate: cv_bridge::CvImageConstPtr cv_bridge::toCvShare(const ImageConstPtr&, const string&)
 CvImageConstPtr [01;36m[KtoCvShare[m[K(const sensor_msgs::ImageConstPtr& source,
                 [01;36m[K^~~~~~~~~[m[K
[01m[K/home/tucker/research/catkin_ws/src/vision_opencv/cv_bridge/include/cv_bridge/cv_bridge.h:213:17:[m[K [01;36m[Knote: [m[K  no known conversion for argument 1 from ‘[01m[Kboost::shared_ptr<const boost::shared_ptr<const sensor_msgs::Image_<std::allocator<void> > > >[m[K’ to ‘[01m[Kconst ImageConstPtr& {aka const boost::shared_ptr<const sensor_msgs::Image_<std::allocator<void> > >&}[m[K’
In file included from [01m[K/usr/include/boost/function/detail/maybe_include.hpp:18:0[m[K,
                 from [01m[K/usr/include/boost/function/detail/function_iterate.hpp:14[m[K,
                 from [01m[K/usr/include/boost/preprocessor/iteration/detail/iter/forward1.hpp:52[m[K,
                 from [01m[K/usr/include/boost/function.hpp:64[m[K,
                 from [01m[K/opt/ros/melodic/include/ros/forwards.h:40[m[K,
                 from [01m[K/opt/ros/melodic/include/ros/common.h:37[m[K,
                 from [01m[K/opt/ros/melodic/include/ros/ros.h:43[m[K,
                 from [01m[K/home/tucker/research/catkin_ws/src/pfc_init/src/pfc_init_node.cpp:1[m[K:
/usr/include/boost/function/function_template.hpp: In instantiation of ‘[01m[Kstatic void boost::detail::function::void_function_obj_invoker1<FunctionObj, R, T0>::invoke(boost::detail::function::function_buffer&, T0) [with FunctionObj = boost::function<void(const boost::shared_ptr<const boost::shared_ptr<const sensor_msgs::Image_<std::allocator<void> > > >&)>; R = void; T0 = boost::shared_ptr<const sensor_msgs::Image_<std::allocator<void> > >][m[K’:
[01m[K/usr/include/boost/function/function_template.hpp:925:38:[m[K   required from ‘[01m[Kvoid boost::function1<R, T1>::assign_to(Functor) [with Functor = boost::function<void(const boost::shared_ptr<const boost::shared_ptr<const sensor_msgs::Image_<std::allocator<void> > > >&)>; R = void; T0 = boost::shared_ptr<const sensor_msgs::Image_<std::allocator<void> > >][m[K’
[01m[K/usr/include/boost/function/function_template.hpp:716:7:[m[K   required from ‘[01m[Kboost::function1<R, T1>::function1(Functor, typename boost::enable_if_c<(! boost::is_integral<Functor>::value), int>::type) [with Functor = boost::function<void(const boost::shared_ptr<const boost::shared_ptr<const sensor_msgs::Image_<std::allocator<void> > > >&)>; R = void; T0 = boost::shared_ptr<const sensor_msgs::Image_<std::allocator<void> > >; typename boost::enable_if_c<(! boost::is_integral<Functor>::value), int>::type = int][m[K’
[01m[K/usr/include/boost/function/function_template.hpp:1061:16:[m[K   required from ‘[01m[Kboost::function<R(T0)>::function(Functor, typename boost::enable_if_c<(! boost::is_integral<Functor>::value), int>::type) [with Functor = boost::function<void(const boost::shared_ptr<const boost::shared_ptr<const sensor_msgs::Image_<std::allocator<void> > > >&)>; R = void; T0 = boost::shared_ptr<const sensor_msgs::Image_<std::allocator<void> > >; typename boost::enable_if_c<(! boost::is_integral<Functor>::value), int>::type = int][m[K’
[01m[K/usr/include/boost/smart_ptr/make_shared_object.hpp:256:5:[m[K   required from ‘[01m[Ktypename boost::detail::sp_if_not_array<T>::type boost::make_shared(Args&& ...) [with T = ros::SubscriptionCallbackHelperT<const boost::shared_ptr<const sensor_msgs::Image_<std::allocator<void> > >&, void>; Args = {const boost::function<void(const boost::shared_ptr<const boost::shared_ptr<const sensor_msgs::Image_<std::allocator<void> > > >&)>&, const boost::function<boost::shared_ptr<boost::shared_ptr<const sensor_msgs::Image_<std::allocator<void> > > >()>&}; typename boost::detail::sp_if_not_array<T>::type = boost::shared_ptr<ros::SubscriptionCallbackHelperT<const boost::shared_ptr<const sensor_msgs::Image_<std::allocator<void> > >&, void> >][m[K’
[01m[K/opt/ros/melodic/include/ros/subscribe_options.h:112:107:[m[K   required from ‘[01m[Kvoid ros::SubscribeOptions::init(const string&, uint32_t, const boost::function<void(const boost::shared_ptr<const M>&)>&, const boost::function<boost::shared_ptr<X>()>&) [with M = boost::shared_ptr<const sensor_msgs::Image_<std::allocator<void> > >; std::__cxx11::string = std::__cxx11::basic_string<char>; uint32_t = unsigned int][m[K’
[01m[K/opt/ros/melodic/include/ros/topic.h:90:3:[m[K   required from ‘[01m[Kboost::shared_ptr<const M> ros::topic::waitForMessage(const string&, ros::NodeHandle&, ros::Duration) [with M = boost::shared_ptr<const sensor_msgs::Image_<std::allocator<void> > >; std::__cxx11::string = std::__cxx11::basic_string<char>][m[K’
[01m[K/opt/ros/melodic/include/ros/topic.h:137:27:[m[K   required from ‘[01m[Kboost::shared_ptr<const M> ros::topic::waitForMessage(const string&, ros::NodeHandle&) [with M = boost::shared_ptr<const sensor_msgs::Image_<std::allocator<void> > >; std::__cxx11::string = std::__cxx11::basic_string<char>][m[K’
[01m[K/home/tucker/research/catkin_ws/src/pfc_init/src/pfc_init_node.cpp:69:121:[m[K   required from here
[01m[K/usr/include/boost/function/function_template.hpp:159:11:[m[K [01;31m[Kerror: [m[Kno match for call to ‘[01m[K(boost::function<void(const boost::shared_ptr<const boost::shared_ptr<const sensor_msgs::Image_<std::allocator<void> > > >&)>) (boost::shared_ptr<const sensor_msgs::Image_<std::allocator<void> > >)[m[K’
           [01;31m[KB[m[KOOST_FUNCTION_RETURN((*f)(BOOST_FUNCTION_ARGS));
           [01;31m[K^[m[K
[01m[K/usr/include/boost/function/function_template.hpp:754:17:[m[K [01;36m[Knote: [m[Kcandidate: boost::function1<R, T1>::result_type boost::function1<R, T1>::operator()(T0) const [with R = void; T0 = const boost::shared_ptr<const boost::shared_ptr<const sensor_msgs::Image_<std::allocator<void> > > >&; boost::function1<R, T1>::result_type = void]
     result_type [01;36m[Koperator[m[K()(BOOST_FUNCTION_PARMS) const
                 [01;36m[K^~~~~~~~[m[K
[01m[K/usr/include/boost/function/function_template.hpp:754:17:[m[K [01;36m[Knote: [m[K  no known conversion for argument 1 from ‘[01m[Kboost::shared_ptr<const sensor_msgs::Image_<std::allocator<void> > >[m[K’ to ‘[01m[Kconst boost::shared_ptr<const boost::shared_ptr<const sensor_msgs::Image_<std::allocator<void> > > >&[m[K’
In file included from [01m[K/usr/include/boost/function/detail/maybe_include.hpp:13:0[m[K,
                 from [01m[K/usr/include/boost/function/detail/function_iterate.hpp:14[m[K,
                 from [01m[K/usr/include/boost/preprocessor/iteration/detail/iter/forward1.hpp:47[m[K,
                 from [01m[K/usr/include/boost/function.hpp:64[m[K,
                 from [01m[K/opt/ros/melodic/include/ros/forwards.h:40[m[K,
                 from [01m[K/opt/ros/melodic/include/ros/common.h:37[m[K,
                 from [01m[K/opt/ros/melodic/include/ros/ros.h:43[m[K,
                 from [01m[K/home/tucker/research/catkin_ws/src/pfc_init/src/pfc_init_node.cpp:1[m[K:
/usr/include/boost/function/function_template.hpp: In instantiation of ‘[01m[Kstatic R boost::detail::function::function_obj_invoker0<FunctionObj, R>::invoke(boost::detail::function::function_buffer&) [with FunctionObj = boost::function<boost::shared_ptr<boost::shared_ptr<const sensor_msgs::Image_<std::allocator<void> > > >()>; R = boost::shared_ptr<sensor_msgs::Image_<std::allocator<void> > >][m[K’:
[01m[K/usr/include/boost/function/function_template.hpp:925:38:[m[K   required from ‘[01m[Kvoid boost::function0<R>::assign_to(Functor) [with Functor = boost::function<boost::shared_ptr<boost::shared_ptr<const sensor_msgs::Image_<std::allocator<void> > > >()>; R = boost::shared_ptr<sensor_msgs::Image_<std::allocator<void> > >][m[K’
[01m[K/usr/include/boost/function/function_template.hpp:716:7:[m[K   required from ‘[01m[Kboost::function0<R>::function0(Functor, typename boost::enable_if_c<(! boost::is_integral<Functor>::value), int>::type) [with Functor = boost::function<boost::shared_ptr<boost::shared_ptr<const sensor_msgs::Image_<std::allocator<void> > > >()>; R = boost::shared_ptr<sensor_msgs::Image_<std::allocator<void> > >; typename boost::enable_if_c<(! boost::is_integral<Functor>::value), int>::type = int][m[K’
[01m[K/usr/include/boost/function/function_template.hpp:1061:16:[m[K   required from ‘[01m[Kboost::function<R()>::function(Functor, typename boost::enable_if_c<(! boost::is_integral<Functor>::value), int>::type) [with Functor = boost::function<boost::shared_ptr<boost::shared_ptr<const sensor_msgs::Image_<std::allocator<void> > > >()>; R = boost::shared_ptr<sensor_msgs::Image_<std::allocator<void> > >; typename boost::enable_if_c<(! boost::is_integral<Functor>::value), int>::type = int][m[K’
[01m[K/usr/include/boost/smart_ptr/make_shared_object.hpp:256:5:[m[K   required from ‘[01m[Ktypename boost::detail::sp_if_not_array<T>::type boost::make_shared(Args&& ...) [with T = ros::SubscriptionCallbackHelperT<const boost::shared_ptr<const sensor_msgs::Image_<std::allocator<void> > >&, void>; Args = {const boost::function<void(const boost::shared_ptr<const boost::shared_ptr<const sensor_msgs::Image_<std::allocator<void> > > >&)>&, const boost::function<boost::shared_ptr<boost::shared_ptr<const sensor_msgs::Image_<std::allocator<void> > > >()>&}; typename boost::detail::sp_if_not_array<T>::type = boost::shared_ptr<ros::SubscriptionCallbackHelperT<const boost::shared_ptr<const sensor_msgs::Image_<std::allocator<void> > >&, void> >][m[K’
[01m[K/opt/ros/melodic/include/ros/subscribe_options.h:112:107:[m[K   required from ‘[01m[Kvoid ros::SubscribeOptions::init(const string&, uint32_t, const boost::function<void(const boost::shared_ptr<const M>&)>&, const boost::function<boost::shared_ptr<X>()>&) [with M = boost::shared_ptr<const sensor_msgs::Image_<std::allocator<void> > >; std::__cxx11::string = std::__cxx11::basic_string<char>; uint32_t = unsigned int][m[K’
[01m[K/opt/ros/melodic/include/ros/topic.h:90:3:[m[K   required from ‘[01m[Kboost::shared_ptr<const M> ros::topic::waitForMessage(const string&, ros::NodeHandle&, ros::Duration) [with M = boost::shared_ptr<const sensor_msgs::Image_<std::allocator<void> > >; std::__cxx11::string = std::__cxx11::basic_string<char>][m[K’
[01m[K/opt/ros/melodic/include/ros/topic.h:137:27:[m[K   required from ‘[01m[Kboost::shared_ptr<const M> ros::topic::waitForMessage(const string&, ros::NodeHandle&) [with M = boost::shared_ptr<const sensor_msgs::Image_<std::allocator<void> > >; std::__cxx11::string = std::__cxx11::basic_string<char>][m[K’
[01m[K/home/tucker/research/catkin_ws/src/pfc_init/src/pfc_init_node.cpp:69:121:[m[K   required from here
[01m[K/usr/include/boost/function/function_template.hpp:138:42:[m[K [01;31m[Kerror: [m[Kcould not convert ‘[01m[Kboost::function0<R>::operator()() const [with R = boost::shared_ptr<boost::shared_ptr<const sensor_msgs::Image_<std::allocator<void> > > >; boost::function0<R>::result_type = boost::shared_ptr<boost::shared_ptr<const sensor_msgs::Image_<std::allocator<void> > > >]()[m[K’ from ‘[01m[Kboost::function0<boost::shared_ptr<boost::shared_ptr<const sensor_msgs::Image_<std::allocator<void> > > > >::result_type {aka boost::shared_ptr<boost::shared_ptr<const sensor_msgs::Image_<std::allocator<void> > > >}[m[K’ to ‘[01m[Kboost::shared_ptr<sensor_msgs::Image_<std::allocator<void> > >[m[K’
           return (*f)(BOOST_FUNCTION_ARGS[01;31m[K)[m[K;
                                          [01;31m[K^[m[K
make[2]: *** [CMakeFiles/pfc_init_node.dir/src/pfc_init_node.cpp.o] Error 1
make[1]: *** [CMakeFiles/pfc_init_node.dir/all] Error 2
make: *** [all] Error 2
