[  5%] Built target circle_detection_lib
[ 11%] Built target projective_lib
[ 11%] Built target std_msgs_generate_messages_cpp
[ 11%] Built target geometry_msgs_generate_messages_cpp
[ 16%] Built target opencv_ui_lib
[ 16%] Built target _cwru_opencv_common_generate_messages_check_deps_image_label
[ 16%] Built target sensor_msgs_generate_messages_cpp
[ 22%] Built target color_model_lib
[ 22%] Built target geometry_msgs_generate_messages_nodejs
[ 22%] Built target std_msgs_generate_messages_nodejs
[ 22%] Built target sensor_msgs_generate_messages_nodejs
[ 22%] Built target std_msgs_generate_messages_py
[ 22%] Built target geometry_msgs_generate_messages_eus
[ 22%] Built target geometry_msgs_generate_messages_py
[ 22%] Built target sensor_msgs_generate_messages_py
[ 22%] Built target sensor_msgs_generate_messages_eus
[ 22%] Built target std_msgs_generate_messages_eus
[ 22%] Built target geometry_msgs_generate_messages_lisp
[ 22%] Built target sensor_msgs_generate_messages_lisp
[ 22%] Built target std_msgs_generate_messages_lisp
[ 27%] Built target opencv_2d_lib
[ 33%] Built target opencv_rot_lib
[ 38%] Built target opencv_local_lib
[ 41%] Built target cwru_opencv_common_generate_messages_nodejs
[ 50%] Built target opencv_3d_lib
[ 52%] Built target grab_cut_lib
[ 55%] Built target cwru_opencv_common_generate_messages_cpp
[ 58%] Built target cwru_opencv_common_generate_messages_lisp
[ 66%] Built target ellipse_modeling_lib
[ 72%] Built target cwru_opencv_common_generate_messages_py
[ 77%] Built target cwru_opencv_common_generate_messages_eus
[ 77%] Built target cwru_opencv_common_gencpp
[ 83%] Built target block_detection_lib
[ 83%] Built target cwru_opencv_common_generate_messages
[ 88%] Built target ellipse_iteration_test
[ 94%] Built target manual_labeling_server
[100%] Built target manual_labeling
