[  0%] Built target sensor_msgs_generate_messages_cpp
[  0%] Built target geometry_msgs_generate_messages_cpp
[  5%] Built target projective_lib
[  5%] Built target std_msgs_generate_messages_nodejs
[ 11%] Built target opencv_ui_lib
[ 11%] Built target geometry_msgs_generate_messages_nodejs
[ 11%] Built target std_msgs_generate_messages_cpp
[ 16%] Built target color_model_lib
[ 22%] Built target circle_detection_lib
[ 22%] Built target std_msgs_generate_messages_py
[ 22%] Built target std_msgs_generate_messages_eus
[ 22%] Built target sensor_msgs_generate_messages_eus
[ 22%] Built target geometry_msgs_generate_messages_eus
[ 22%] Built target geometry_msgs_generate_messages_py
[ 22%] Built target sensor_msgs_generate_messages_py
[ 22%] Built target sensor_msgs_generate_messages_nodejs
[ 22%] Built target sensor_msgs_generate_messages_lisp
[ 22%] Built target _cwru_opencv_common_generate_messages_check_deps_image_label
[ 22%] Built target geometry_msgs_generate_messages_lisp
[ 27%] Built target opencv_2d_lib
[ 27%] Built target std_msgs_generate_messages_lisp
[ 33%] Built target opencv_3d_lib
[ 38%] Built target opencv_local_lib
[ 41%] Built target cwru_opencv_common_generate_messages_nodejs
[ 47%] Built target opencv_rot_lib
[ 55%] Built target ellipse_modeling_lib
[ 61%] Built target grab_cut_lib
[ 66%] Built target cwru_opencv_common_generate_messages_py
[ 72%] Built target cwru_opencv_common_generate_messages_eus
[ 75%] Built target cwru_opencv_common_generate_messages_cpp
[ 77%] Built target cwru_opencv_common_generate_messages_lisp
[ 83%] Built target ellipse_iteration_test
[ 88%] Built target block_detection_lib
[ 88%] Built target cwru_opencv_common_generate_messages
[ 88%] Built target cwru_opencv_common_gencpp
[ 94%] Built target manual_labeling_server
[100%] Built target manual_labeling
