[  5%] Built target projective_lib
[  5%] Built target std_msgs_generate_messages_cpp
[  5%] Built target geometry_msgs_generate_messages_cpp
[ 11%] Built target circle_detection_lib
[ 11%] Built target sensor_msgs_generate_messages_cpp
[ 11%] Built target geometry_msgs_generate_messages_nodejs
[ 16%] Built target color_model_lib
[ 22%] Built target opencv_ui_lib
[ 22%] Built target std_msgs_generate_messages_nodejs
[ 22%] Built target std_msgs_generate_messages_py
[ 22%] Built target sensor_msgs_generate_messages_nodejs
[ 22%] Built target geometry_msgs_generate_messages_eus
[ 22%] Built target geometry_msgs_generate_messages_py
[ 22%] Built target _cwru_opencv_common_generate_messages_check_deps_image_label
[ 22%] Built target sensor_msgs_generate_messages_eus
[ 22%] Built target geometry_msgs_generate_messages_lisp
[ 22%] Built target sensor_msgs_generate_messages_py
[ 22%] Built target std_msgs_generate_messages_lisp
[ 22%] Built target std_msgs_generate_messages_eus
[ 27%] Built target opencv_local_lib
[ 27%] Built target sensor_msgs_generate_messages_lisp
[ 33%] Built target opencv_2d_lib
[ 38%] Built target cwru_opencv_common_generate_messages_py
[ 41%] Built target cwru_opencv_common_generate_messages_cpp
[ 47%] Built target opencv_rot_lib
[ 52%] Built target grab_cut_lib
[ 55%] Built target cwru_opencv_common_generate_messages_nodejs
[ 61%] Built target cwru_opencv_common_generate_messages_eus
[ 69%] Built target ellipse_modeling_lib
[ 75%] Built target block_detection_lib
[ 80%] Built target opencv_3d_lib
[ 80%] Built target cwru_opencv_common_gencpp
[ 83%] Built target cwru_opencv_common_generate_messages_lisp
[ 88%] Built target ellipse_iteration_test
[ 88%] Built target cwru_opencv_common_generate_messages
[ 94%] Built target manual_labeling_server
[100%] Built target manual_labeling
