Determining if the pthread_create exist failed with the following output:
Change Dir: /home/tucker/research/catkin_ws/build/set_joint_position_plugin/CMakeFiles/CMakeTmp

Run Build Command:"/usr/bin/make" "cmTC_39318/fast"
/usr/bin/make -f CMakeFiles/cmTC_39318.dir/build.make CMakeFiles/cmTC_39318.dir/build
make[1]: Entering directory '/home/tucker/research/catkin_ws/build/set_joint_position_plugin/CMakeFiles/CMakeTmp'
Building C object CMakeFiles/cmTC_39318.dir/CheckSymbolExists.c.o
/usr/bin/cc    -o CMakeFiles/cmTC_39318.dir/CheckSymbolExists.c.o   -c /home/tucker/research/catkin_ws/build/set_joint_position_plugin/CMakeFiles/CMakeTmp/CheckSymbolExists.c
Linking C executable cmTC_39318
/usr/bin/cmake -E cmake_link_script CMakeFiles/cmTC_39318.dir/link.txt --verbose=1
/usr/bin/cc      -rdynamic CMakeFiles/cmTC_39318.dir/CheckSymbolExists.c.o  -o cmTC_39318 
CMakeFiles/cmTC_39318.dir/CheckSymbolExists.c.o: In function `main':
CheckSymbolExists.c:(.text+0x1b): undefined reference to `pthread_create'
collect2: error: ld returned 1 exit status
CMakeFiles/cmTC_39318.dir/build.make:97: recipe for target 'cmTC_39318' failed
make[1]: *** [cmTC_39318] Error 1
make[1]: Leaving directory '/home/tucker/research/catkin_ws/build/set_joint_position_plugin/CMakeFiles/CMakeTmp'
Makefile:126: recipe for target 'cmTC_39318/fast' failed
make: *** [cmTC_39318/fast] Error 2

File /home/tucker/research/catkin_ws/build/set_joint_position_plugin/CMakeFiles/CMakeTmp/CheckSymbolExists.c:
/* */
#include <pthread.h>

int main(int argc, char** argv)
{
  (void)argv;
#ifndef pthread_create
  return ((int*)(&pthread_create))[argc];
#else
  (void)argc;
  return 0;
#endif
}

Determining if the function pthread_create exists in the pthreads failed with the following output:
Change Dir: /home/tucker/research/catkin_ws/build/set_joint_position_plugin/CMakeFiles/CMakeTmp

Run Build Command:"/usr/bin/make" "cmTC_96d62/fast"
/usr/bin/make -f CMakeFiles/cmTC_96d62.dir/build.make CMakeFiles/cmTC_96d62.dir/build
make[1]: Entering directory '/home/tucker/research/catkin_ws/build/set_joint_position_plugin/CMakeFiles/CMakeTmp'
Building C object CMakeFiles/cmTC_96d62.dir/CheckFunctionExists.c.o
/usr/bin/cc   -DCHECK_FUNCTION_EXISTS=pthread_create   -o CMakeFiles/cmTC_96d62.dir/CheckFunctionExists.c.o   -c /usr/share/cmake-3.10/Modules/CheckFunctionExists.c
Linking C executable cmTC_96d62
/usr/bin/cmake -E cmake_link_script CMakeFiles/cmTC_96d62.dir/link.txt --verbose=1
/usr/bin/cc  -DCHECK_FUNCTION_EXISTS=pthread_create    -rdynamic CMakeFiles/cmTC_96d62.dir/CheckFunctionExists.c.o  -o cmTC_96d62 -lpthreads 
/usr/bin/ld: cannot find -lpthreads
collect2: error: ld returned 1 exit status
CMakeFiles/cmTC_96d62.dir/build.make:97: recipe for target 'cmTC_96d62' failed
make[1]: *** [cmTC_96d62] Error 1
make[1]: Leaving directory '/home/tucker/research/catkin_ws/build/set_joint_position_plugin/CMakeFiles/CMakeTmp'
Makefile:126: recipe for target 'cmTC_96d62/fast' failed
make: *** [cmTC_96d62/fast] Error 2


