Determining if the pthread_create exist failed with the following output:
Change Dir: /home/tucker/research/catkin_ws/build/cwru_needle_tracking/CMakeFiles/CMakeTmp

Run Build Command:"/usr/bin/make" "cmTC_5916d/fast"
/usr/bin/make -f CMakeFiles/cmTC_5916d.dir/build.make CMakeFiles/cmTC_5916d.dir/build
make[1]: Entering directory '/home/tucker/research/catkin_ws/build/cwru_needle_tracking/CMakeFiles/CMakeTmp'
Building C object CMakeFiles/cmTC_5916d.dir/CheckSymbolExists.c.o
/usr/bin/cc   -fPIC    -o CMakeFiles/cmTC_5916d.dir/CheckSymbolExists.c.o   -c /home/tucker/research/catkin_ws/build/cwru_needle_tracking/CMakeFiles/CMakeTmp/CheckSymbolExists.c
Linking C executable cmTC_5916d
/usr/bin/cmake -E cmake_link_script CMakeFiles/cmTC_5916d.dir/link.txt --verbose=1
/usr/bin/cc -fPIC     -rdynamic CMakeFiles/cmTC_5916d.dir/CheckSymbolExists.c.o  -o cmTC_5916d 
CMakeFiles/cmTC_5916d.dir/CheckSymbolExists.c.o: In function `main':
CheckSymbolExists.c:(.text+0x1b): undefined reference to `pthread_create'
collect2: error: ld returned 1 exit status
CMakeFiles/cmTC_5916d.dir/build.make:97: recipe for target 'cmTC_5916d' failed
make[1]: *** [cmTC_5916d] Error 1
make[1]: Leaving directory '/home/tucker/research/catkin_ws/build/cwru_needle_tracking/CMakeFiles/CMakeTmp'
Makefile:126: recipe for target 'cmTC_5916d/fast' failed
make: *** [cmTC_5916d/fast] Error 2

File /home/tucker/research/catkin_ws/build/cwru_needle_tracking/CMakeFiles/CMakeTmp/CheckSymbolExists.c:
/* */
#include <pthread.h>

int main(int argc, char** argv)
{
  (void)argv;
#ifndef pthread_create
  return ((int*)(&pthread_create))[argc];
#else
  (void)argc;
  return 0;
#endif
}

Determining if the function pthread_create exists in the pthreads failed with the following output:
Change Dir: /home/tucker/research/catkin_ws/build/cwru_needle_tracking/CMakeFiles/CMakeTmp

Run Build Command:"/usr/bin/make" "cmTC_d8aea/fast"
/usr/bin/make -f CMakeFiles/cmTC_d8aea.dir/build.make CMakeFiles/cmTC_d8aea.dir/build
make[1]: Entering directory '/home/tucker/research/catkin_ws/build/cwru_needle_tracking/CMakeFiles/CMakeTmp'
Building C object CMakeFiles/cmTC_d8aea.dir/CheckFunctionExists.c.o
/usr/bin/cc   -fPIC -DCHECK_FUNCTION_EXISTS=pthread_create   -o CMakeFiles/cmTC_d8aea.dir/CheckFunctionExists.c.o   -c /usr/share/cmake-3.10/Modules/CheckFunctionExists.c
Linking C executable cmTC_d8aea
/usr/bin/cmake -E cmake_link_script CMakeFiles/cmTC_d8aea.dir/link.txt --verbose=1
/usr/bin/cc -fPIC -DCHECK_FUNCTION_EXISTS=pthread_create    -rdynamic CMakeFiles/cmTC_d8aea.dir/CheckFunctionExists.c.o  -o cmTC_d8aea -lpthreads 
/usr/bin/ld: cannot find -lpthreads
collect2: error: ld returned 1 exit status
CMakeFiles/cmTC_d8aea.dir/build.make:97: recipe for target 'cmTC_d8aea' failed
make[1]: *** [cmTC_d8aea] Error 1
make[1]: Leaving directory '/home/tucker/research/catkin_ws/build/cwru_needle_tracking/CMakeFiles/CMakeTmp'
Makefile:126: recipe for target 'cmTC_d8aea/fast' failed
make: *** [cmTC_d8aea/fast] Error 2


