In file included from /usr/include/eigen3/Eigen/Core:42:0,
                 from /usr/include/eigen3/Eigen/Dense:1,
                 from /usr/include/eigen3/Eigen/Eigen:1,
                 from /home/tucker/research/catkin_ws/src/cwru_suture_needles/needle_tracking/include/cwru_needle_tracking/pf_types.h:1,
                 from /home/tucker/research/catkin_ws/src/cwru_suture_needles/needle_tracking/src/particle_filter_cuda.cu:23:
/usr/local/cuda/include/math_functions.hpp:54:2: warning: #warning "crt/math_functions.hpp is an internal header file and must not be used directly.  Please use cuda_runtime_api.h or cuda_runtime.h instead." [-Wcpp]
 #warning "crt/math_functions.hpp is an internal header file and must not be used directly.  Please use cuda_runtime_api.h or cuda_runtime.h instead."
  ^~~~~~~
In file included from /usr/local/cuda/include/cuda_runtime.h:120:0,
                 from <command-line>:0:
/usr/local/cuda/include/crt/common_functions.h:74:24: error: token ""__CUDACC_VER__ is no longer supported.  Use __CUDACC_VER_MAJOR__, __CUDACC_VER_MINOR__, and __CUDACC_VER_BUILD__ instead."" is not valid in preprocessor expressions
 #define __CUDACC_VER__ "__CUDACC_VER__ is no longer supported.  Use __CUDACC_VER_MAJOR__, __CUDACC_VER_MINOR__, and __CUDACC_VER_BUILD__ instead."
                        ^
/usr/local/cuda/include/crt/common_functions.h:74:24: note: in definition of macro ‘__CUDACC_VER__’
 #define __CUDACC_VER__ "__CUDACC_VER__ is no longer supported.  Use __CUDACC_VER_MAJOR__, __CUDACC_VER_MINOR__, and __CUDACC_VER_BUILD__ instead."
                        ^~~~~~~~~~~~~~~~~~~~~~~~~~~~~~~~~~~~~~~~~~~~~~~~~~~~~~~~~~~~~~~~~~~~~~~~~~~~~~~~~~~~~~~~~~~~~~~~~~~~~~~~~~~~~~~~~~~~~~~~~~~
/usr/local/cuda/include/crt/common_functions.h:74:24: error: token ""__CUDACC_VER__ is no longer supported.  Use __CUDACC_VER_MAJOR__, __CUDACC_VER_MINOR__, and __CUDACC_VER_BUILD__ instead."" is not valid in preprocessor expressions
 #define __CUDACC_VER__ "__CUDACC_VER__ is no longer supported.  Use __CUDACC_VER_MAJOR__, __CUDACC_VER_MINOR__, and __CUDACC_VER_BUILD__ instead."
                        ^
/usr/local/cuda/include/crt/common_functions.h:74:24: note: in definition of macro ‘__CUDACC_VER__’
 #define __CUDACC_VER__ "__CUDACC_VER__ is no longer supported.  Use __CUDACC_VER_MAJOR__, __CUDACC_VER_MINOR__, and __CUDACC_VER_BUILD__ instead."
                        ^~~~~~~~~~~~~~~~~~~~~~~~~~~~~~~~~~~~~~~~~~~~~~~~~~~~~~~~~~~~~~~~~~~~~~~~~~~~~~~~~~~~~~~~~~~~~~~~~~~~~~~~~~~~~~~~~~~~~~~~~~~
/usr/local/cuda/include/crt/common_functions.h:74:24: error: token ""__CUDACC_VER__ is no longer supported.  Use __CUDACC_VER_MAJOR__, __CUDACC_VER_MINOR__, and __CUDACC_VER_BUILD__ instead."" is not valid in preprocessor expressions
 #define __CUDACC_VER__ "__CUDACC_VER__ is no longer supported.  Use __CUDACC_VER_MAJOR__, __CUDACC_VER_MINOR__, and __CUDACC_VER_BUILD__ instead."
                        ^
/usr/local/cuda/include/crt/common_functions.h:74:24: note: in definition of macro ‘__CUDACC_VER__’
 #define __CUDACC_VER__ "__CUDACC_VER__ is no longer supported.  Use __CUDACC_VER_MAJOR__, __CUDACC_VER_MINOR__, and __CUDACC_VER_BUILD__ instead."
                        ^~~~~~~~~~~~~~~~~~~~~~~~~~~~~~~~~~~~~~~~~~~~~~~~~~~~~~~~~~~~~~~~~~~~~~~~~~~~~~~~~~~~~~~~~~~~~~~~~~~~~~~~~~~~~~~~~~~~~~~~~~~
/usr/local/cuda/include/crt/common_functions.h:74:24: error: token ""__CUDACC_VER__ is no longer supported.  Use __CUDACC_VER_MAJOR__, __CUDACC_VER_MINOR__, and __CUDACC_VER_BUILD__ instead."" is not valid in preprocessor expressions
 #define __CUDACC_VER__ "__CUDACC_VER__ is no longer supported.  Use __CUDACC_VER_MAJOR__, __CUDACC_VER_MINOR__, and __CUDACC_VER_BUILD__ instead."
                        ^
/usr/local/cuda/include/crt/common_functions.h:74:24: note: in definition of macro ‘__CUDACC_VER__’
 #define __CUDACC_VER__ "__CUDACC_VER__ is no longer supported.  Use __CUDACC_VER_MAJOR__, __CUDACC_VER_MINOR__, and __CUDACC_VER_BUILD__ instead."
                        ^~~~~~~~~~~~~~~~~~~~~~~~~~~~~~~~~~~~~~~~~~~~~~~~~~~~~~~~~~~~~~~~~~~~~~~~~~~~~~~~~~~~~~~~~~~~~~~~~~~~~~~~~~~~~~~~~~~~~~~~~~~
/usr/local/cuda/include/crt/common_functions.h:74:24: error: token ""__CUDACC_VER__ is no longer supported.  Use __CUDACC_VER_MAJOR__, __CUDACC_VER_MINOR__, and __CUDACC_VER_BUILD__ instead."" is not valid in preprocessor expressions
 #define __CUDACC_VER__ "__CUDACC_VER__ is no longer supported.  Use __CUDACC_VER_MAJOR__, __CUDACC_VER_MINOR__, and __CUDACC_VER_BUILD__ instead."
                        ^
/usr/local/cuda/include/crt/common_functions.h:74:24: note: in definition of macro ‘__CUDACC_VER__’
 #define __CUDACC_VER__ "__CUDACC_VER__ is no longer supported.  Use __CUDACC_VER_MAJOR__, __CUDACC_VER_MINOR__, and __CUDACC_VER_BUILD__ instead."
                        ^~~~~~~~~~~~~~~~~~~~~~~~~~~~~~~~~~~~~~~~~~~~~~~~~~~~~~~~~~~~~~~~~~~~~~~~~~~~~~~~~~~~~~~~~~~~~~~~~~~~~~~~~~~~~~~~~~~~~~~~~~~
CMake Error at pf_cuda_lib_generated_particle_filter_cuda.cu.o.cmake:219 (message):
  Error generating
  /home/tucker/research/catkin_ws/build/cwru_needle_tracking/CMakeFiles/pf_cuda_lib.dir/src/./pf_cuda_lib_generated_particle_filter_cuda.cu.o


make[2]: *** [CMakeFiles/pf_cuda_lib.dir/src/pf_cuda_lib_generated_particle_filter_cuda.cu.o] Error 1
make[1]: *** [CMakeFiles/pf_cuda_lib.dir/all] Error 2
make: *** [all] Error 2
