Not searching for unused variables given on the command line.
[36m--[0m Using CATKIN_DEVEL_PREFIX: /home/tucker/research/catkin_ws/devel/.private/cwru_needle_tracking
[36m--[0m Using CMAKE_PREFIX_PATH: /home/tucker/research/catkin_ws/devel;/home/tucker/research/test_ws/devel;/opt/ros/melodic
[36m--[0m This workspace overlays: /home/tucker/research/catkin_ws/devel;/home/tucker/research/test_ws/devel;/opt/ros/melodic
[36m--[0m Found PythonInterp: /usr/bin/python2 (found suitable version "2.7.17", minimum required is "2")
[36m--[0m Using PYTHON_EXECUTABLE: /usr/bin/python2
[36m--[0m Using Debian Python package layout
[36m--[0m Using empy: /usr/bin/empy
[36m--[0m Using CATKIN_ENABLE_TESTING: ON
[36m--[0m Call enable_testing()
[36m--[0m Using CATKIN_TEST_RESULTS_DIR: /home/tucker/research/catkin_ws/build/cwru_needle_tracking/test_results
[36m--[0m Found gtest sources under '/usr/src/googletest': gtests will be built
[36m--[0m Found gmock sources under '/usr/src/googletest': gmock will be built
[36m--[0m Found PythonInterp: /usr/bin/python2 (found version "2.7.17")
[36m--[0m Using Python nosetests: /usr/bin/nosetests-2.7
[36m--[0m catkin 0.7.28
[36m--[0m BUILD_SHARED_LIBS is on
[36m--[0m Using these message generators: gencpp;geneus;genlisp;gennodejs;genpy
[36m--[0m Could NOT find uv_msgs (missing: uv_msgs_DIR)
[36m--[0m Could not find the required component 'uv_msgs'. The following CMake error indicates that you either need to install the package with the same name or change your environment so that it can be found.
[31m[1mCMake Error[0m at /opt/ros/melodic/share/catkin/cmake/catkinConfig.cmake:83 (find_package):
  Could not find a package configuration file provided by "uv_msgs" with any
  of the following names:

    uv_msgsConfig.cmake
    uv_msgs-config.cmake

  Add the installation prefix of "uv_msgs" to CMAKE_PREFIX_PATH or set
  "uv_msgs_DIR" to a directory containing one of the above files.  If
  "uv_msgs" provides a separate development package or SDK, be sure it has
  been installed.
[36mCall Stack (most recent call first):[0m
  CMakeLists.txt:6 (find_package)


[36m--[0m Configuring incomplete, errors occurred!
See also "/home/tucker/research/catkin_ws/build/cwru_needle_tracking/CMakeFiles/CMakeOutput.log".
See also "/home/tucker/research/catkin_ws/build/cwru_needle_tracking/CMakeFiles/CMakeError.log".
