Linked: (/home/tucker/research/catkin_ws/devel/.private/uv_msgs/lib/python2.7/dist-packages/uv_msgs/__init__.py, /home/tucker/research/catkin_ws/devel/lib/python2.7/dist-packages/uv_msgs/__init__.py)
Linked: (/home/tucker/research/catkin_ws/devel/.private/uv_msgs/lib/python2.7/dist-packages/uv_msgs/srv/_pf_reseed.py, /home/tucker/research/catkin_ws/devel/lib/python2.7/dist-packages/uv_msgs/srv/_pf_reseed.py)
Linked: (/home/tucker/research/catkin_ws/devel/.private/uv_msgs/lib/python2.7/dist-packages/uv_msgs/srv/_pf_grasp.py, /home/tucker/research/catkin_ws/devel/lib/python2.7/dist-packages/uv_msgs/srv/_pf_grasp.py)
Linked: (/home/tucker/research/catkin_ws/devel/.private/uv_msgs/lib/python2.7/dist-packages/uv_msgs/srv/_pf_anneal.py, /home/tucker/research/catkin_ws/devel/lib/python2.7/dist-packages/uv_msgs/srv/_pf_anneal.py)
Linked: (/home/tucker/research/catkin_ws/devel/.private/uv_msgs/lib/python2.7/dist-packages/uv_msgs/srv/__init__.py, /home/tucker/research/catkin_ws/devel/lib/python2.7/dist-packages/uv_msgs/srv/__init__.py)
Linked: (/home/tucker/research/catkin_ws/devel/.private/uv_msgs/lib/pkgconfig/uv_msgs.pc, /home/tucker/research/catkin_ws/devel/lib/pkgconfig/uv_msgs.pc)
Linked: (/home/tucker/research/catkin_ws/devel/.private/uv_msgs/include/uv_msgs/pf_grasp.h, /home/tucker/research/catkin_ws/devel/include/uv_msgs/pf_grasp.h)
Linked: (/home/tucker/research/catkin_ws/devel/.private/uv_msgs/include/uv_msgs/pf_graspRequest.h, /home/tucker/research/catkin_ws/devel/include/uv_msgs/pf_graspRequest.h)
Linked: (/home/tucker/research/catkin_ws/devel/.private/uv_msgs/include/uv_msgs/pf_reseedRequest.h, /home/tucker/research/catkin_ws/devel/include/uv_msgs/pf_reseedRequest.h)
Linked: (/home/tucker/research/catkin_ws/devel/.private/uv_msgs/include/uv_msgs/pf_anneal.h, /home/tucker/research/catkin_ws/devel/include/uv_msgs/pf_anneal.h)
Linked: (/home/tucker/research/catkin_ws/devel/.private/uv_msgs/include/uv_msgs/pf_reseed.h, /home/tucker/research/catkin_ws/devel/include/uv_msgs/pf_reseed.h)
Linked: (/home/tucker/research/catkin_ws/devel/.private/uv_msgs/include/uv_msgs/pf_graspResponse.h, /home/tucker/research/catkin_ws/devel/include/uv_msgs/pf_graspResponse.h)
Linked: (/home/tucker/research/catkin_ws/devel/.private/uv_msgs/include/uv_msgs/pf_annealResponse.h, /home/tucker/research/catkin_ws/devel/include/uv_msgs/pf_annealResponse.h)
Linked: (/home/tucker/research/catkin_ws/devel/.private/uv_msgs/include/uv_msgs/pf_reseedResponse.h, /home/tucker/research/catkin_ws/devel/include/uv_msgs/pf_reseedResponse.h)
Linked: (/home/tucker/research/catkin_ws/devel/.private/uv_msgs/include/uv_msgs/pf_annealRequest.h, /home/tucker/research/catkin_ws/devel/include/uv_msgs/pf_annealRequest.h)
Linked: (/home/tucker/research/catkin_ws/devel/.private/uv_msgs/share/uv_msgs/cmake/uv_msgsConfig-version.cmake, /home/tucker/research/catkin_ws/devel/share/uv_msgs/cmake/uv_msgsConfig-version.cmake)
Linked: (/home/tucker/research/catkin_ws/devel/.private/uv_msgs/share/uv_msgs/cmake/uv_msgs-msg-extras.cmake, /home/tucker/research/catkin_ws/devel/share/uv_msgs/cmake/uv_msgs-msg-extras.cmake)
Linked: (/home/tucker/research/catkin_ws/devel/.private/uv_msgs/share/uv_msgs/cmake/uv_msgs-msg-paths.cmake, /home/tucker/research/catkin_ws/devel/share/uv_msgs/cmake/uv_msgs-msg-paths.cmake)
Linked: (/home/tucker/research/catkin_ws/devel/.private/uv_msgs/share/uv_msgs/cmake/uv_msgsConfig.cmake, /home/tucker/research/catkin_ws/devel/share/uv_msgs/cmake/uv_msgsConfig.cmake)
Linked: (/home/tucker/research/catkin_ws/devel/.private/uv_msgs/share/roseus/ros/uv_msgs/manifest.l, /home/tucker/research/catkin_ws/devel/share/roseus/ros/uv_msgs/manifest.l)
Linked: (/home/tucker/research/catkin_ws/devel/.private/uv_msgs/share/roseus/ros/uv_msgs/srv/pf_reseed.l, /home/tucker/research/catkin_ws/devel/share/roseus/ros/uv_msgs/srv/pf_reseed.l)
Linked: (/home/tucker/research/catkin_ws/devel/.private/uv_msgs/share/roseus/ros/uv_msgs/srv/pf_grasp.l, /home/tucker/research/catkin_ws/devel/share/roseus/ros/uv_msgs/srv/pf_grasp.l)
Linked: (/home/tucker/research/catkin_ws/devel/.private/uv_msgs/share/roseus/ros/uv_msgs/srv/pf_anneal.l, /home/tucker/research/catkin_ws/devel/share/roseus/ros/uv_msgs/srv/pf_anneal.l)
Linked: (/home/tucker/research/catkin_ws/devel/.private/uv_msgs/share/common-lisp/ros/uv_msgs/srv/_package.lisp, /home/tucker/research/catkin_ws/devel/share/common-lisp/ros/uv_msgs/srv/_package.lisp)
Linked: (/home/tucker/research/catkin_ws/devel/.private/uv_msgs/share/common-lisp/ros/uv_msgs/srv/_package_pf_grasp.lisp, /home/tucker/research/catkin_ws/devel/share/common-lisp/ros/uv_msgs/srv/_package_pf_grasp.lisp)
Linked: (/home/tucker/research/catkin_ws/devel/.private/uv_msgs/share/common-lisp/ros/uv_msgs/srv/_package_pf_anneal.lisp, /home/tucker/research/catkin_ws/devel/share/common-lisp/ros/uv_msgs/srv/_package_pf_anneal.lisp)
Linked: (/home/tucker/research/catkin_ws/devel/.private/uv_msgs/share/common-lisp/ros/uv_msgs/srv/pf_grasp.lisp, /home/tucker/research/catkin_ws/devel/share/common-lisp/ros/uv_msgs/srv/pf_grasp.lisp)
Linked: (/home/tucker/research/catkin_ws/devel/.private/uv_msgs/share/common-lisp/ros/uv_msgs/srv/_package_pf_reseed.lisp, /home/tucker/research/catkin_ws/devel/share/common-lisp/ros/uv_msgs/srv/_package_pf_reseed.lisp)
Linked: (/home/tucker/research/catkin_ws/devel/.private/uv_msgs/share/common-lisp/ros/uv_msgs/srv/pf_anneal.lisp, /home/tucker/research/catkin_ws/devel/share/common-lisp/ros/uv_msgs/srv/pf_anneal.lisp)
Linked: (/home/tucker/research/catkin_ws/devel/.private/uv_msgs/share/common-lisp/ros/uv_msgs/srv/uv_msgs-srv.asd, /home/tucker/research/catkin_ws/devel/share/common-lisp/ros/uv_msgs/srv/uv_msgs-srv.asd)
Linked: (/home/tucker/research/catkin_ws/devel/.private/uv_msgs/share/common-lisp/ros/uv_msgs/srv/pf_reseed.lisp, /home/tucker/research/catkin_ws/devel/share/common-lisp/ros/uv_msgs/srv/pf_reseed.lisp)
Linked: (/home/tucker/research/catkin_ws/devel/.private/uv_msgs/share/gennodejs/ros/uv_msgs/_index.js, /home/tucker/research/catkin_ws/devel/share/gennodejs/ros/uv_msgs/_index.js)
Linked: (/home/tucker/research/catkin_ws/devel/.private/uv_msgs/share/gennodejs/ros/uv_msgs/srv/pf_anneal.js, /home/tucker/research/catkin_ws/devel/share/gennodejs/ros/uv_msgs/srv/pf_anneal.js)
Linked: (/home/tucker/research/catkin_ws/devel/.private/uv_msgs/share/gennodejs/ros/uv_msgs/srv/_index.js, /home/tucker/research/catkin_ws/devel/share/gennodejs/ros/uv_msgs/srv/_index.js)
Linked: (/home/tucker/research/catkin_ws/devel/.private/uv_msgs/share/gennodejs/ros/uv_msgs/srv/pf_reseed.js, /home/tucker/research/catkin_ws/devel/share/gennodejs/ros/uv_msgs/srv/pf_reseed.js)
Linked: (/home/tucker/research/catkin_ws/devel/.private/uv_msgs/share/gennodejs/ros/uv_msgs/srv/pf_grasp.js, /home/tucker/research/catkin_ws/devel/share/gennodejs/ros/uv_msgs/srv/pf_grasp.js)
